[2022-01-13T01:38:23.963] [INFO] response - DatabaseError [SequelizeDatabaseError]: Unknown column 'createdAt' in 'field list'
    at Query.formatError (/Users/kaierchou/Desktop/demo/frontend-monitor/service/node_modules/sequelize/lib/dialects/mysql/query.js:265:16)
    at Query.run (/Users/kaierchou/Desktop/demo/frontend-monitor/service/node_modules/sequelize/lib/dialects/mysql/query.js:77:18)
    at processTicksAndRejections (internal/process/task_queues.js:95:5)
    at async /Users/kaierchou/Desktop/demo/frontend-monitor/service/node_modules/sequelize/lib/sequelize.js:619:16
    at async MySQLQueryInterface.insert (/Users/kaierchou/Desktop/demo/frontend-monitor/service/node_modules/sequelize/lib/dialects/abstract/query-interface.js:749:21)
    at async model.save (/Users/kaierchou/Desktop/demo/frontend-monitor/service/node_modules/sequelize/lib/model.js:3987:35)
    at async Function.create (/Users/kaierchou/Desktop/demo/frontend-monitor/service/node_modules/sequelize/lib/model.js:2217:12)
    at async processMessage (/Users/kaierchou/Desktop/demo/frontend-monitor/service/redis/index.js:10:5) {
  parent: Error: Unknown column 'createdAt' in 'field list'
      at Packet.asError (/Users/kaierchou/Desktop/demo/frontend-monitor/service/node_modules/mysql2/lib/packets/packet.js:728:17)
      at Prepare.execute (/Users/kaierchou/Desktop/demo/frontend-monitor/service/node_modules/mysql2/lib/commands/command.js:29:26)
      at Connection.handlePacket (/Users/kaierchou/Desktop/demo/frontend-monitor/service/node_modules/mysql2/lib/connection.js:456:32)
      at PacketParser.onPacket (/Users/kaierchou/Desktop/demo/frontend-monitor/service/node_modules/mysql2/lib/connection.js:85:12)
      at PacketParser.executeStart (/Users/kaierchou/Desktop/demo/frontend-monitor/service/node_modules/mysql2/lib/packet_parser.js:75:16)
      at Socket.<anonymous> (/Users/kaierchou/Desktop/demo/frontend-monitor/service/node_modules/mysql2/lib/connection.js:92:25)
      at Socket.emit (events.js:376:20)
      at addChunk (internal/streams/readable.js:309:12)
      at readableAddChunk (internal/streams/readable.js:284:9)
      at Socket.Readable.push (internal/streams/readable.js:223:10) {
    code: 'ER_BAD_FIELD_ERROR',
    errno: 1054,
    sqlState: '42S22',
    sqlMessage: "Unknown column 'createdAt' in 'field list'",
    sql: 'INSERT INTO `error` (`id`,`p_id`,`error_type`,`error_id`,`error_info`,`user_id`,`ip`,`header`,`createdAt`,`updatedAt`) VALUES (DEFAULT,?,?,?,?,?,?,?,?,?);',
    parameters: [
      'localhost',
      'unhandledrejection',
      'p1059938548',
      '{"type":"unhandledrejection","errorInfo":{"error":"2333"},"url":"file:///Users/kaierchou/Desktop/demo/frontend-monitor/sdk/test.html","userId":"p1824846382","key":"localhost","deviceInfo":{"screen_info":{"availHeight":1057,"availWidth":1920,"height":1080,"width":1920},"language":"zh","userAgent":"mozilla/5.0 (macintosh; intel mac os x 10_14_6) applewebkit/537.36 (khtml, like gecko) chrome/97.0.4692.71 safari/537.36"},"timestamp":1642009103891,"errorId":"p1059938548"}',
      'p1824846382',
      '::ffff:127.0.0.1',
      '{"host":"127.0.0.1:8233","connection":"keep-alive","content-length":"471","sec-ch-ua":"\\" Not;A Brand\\";v=\\"99\\", \\"Google Chrome\\";v=\\"97\\", \\"Chromium\\";v=\\"97\\"","dnt":"1","sec-ch-ua-mobile":"?0","user-agent":"Mozilla/5.0 (Macintosh; Intel Mac OS X 10_14_6) AppleWebKit/537.36 (KHTML, like Gecko) Chrome/97.0.4692.71 Safari/537.36","sec-ch-ua-platform":"\\"macOS\\"","content-type":"text/plain;charset=UTF-8","accept":"*/*","origin":"null","sec-fetch-site":"cross-site","sec-fetch-mode":"no-cors","sec-fetch-dest":"empty","accept-encoding":"gzip, deflate, br","accept-language":"zh,zh-CN;q=0.9,en;q=0.8"}',
      '2022-01-12 17:38:23',
      '2022-01-12 17:38:23'
    ]
  },
  original: Error: Unknown column 'createdAt' in 'field list'
      at Packet.asError (/Users/kaierchou/Desktop/demo/frontend-monitor/service/node_modules/mysql2/lib/packets/packet.js:728:17)
      at Prepare.execute (/Users/kaierchou/Desktop/demo/frontend-monitor/service/node_modules/mysql2/lib/commands/command.js:29:26)
      at Connection.handlePacket (/Users/kaierchou/Desktop/demo/frontend-monitor/service/node_modules/mysql2/lib/connection.js:456:32)
      at PacketParser.onPacket (/Users/kaierchou/Desktop/demo/frontend-monitor/service/node_modules/mysql2/lib/connection.js:85:12)
      at PacketParser.executeStart (/Users/kaierchou/Desktop/demo/frontend-monitor/service/node_modules/mysql2/lib/packet_parser.js:75:16)
      at Socket.<anonymous> (/Users/kaierchou/Desktop/demo/frontend-monitor/service/node_modules/mysql2/lib/connection.js:92:25)
      at Socket.emit (events.js:376:20)
      at addChunk (internal/streams/readable.js:309:12)
      at readableAddChunk (internal/streams/readable.js:284:9)
      at Socket.Readable.push (internal/streams/readable.js:223:10) {
    code: 'ER_BAD_FIELD_ERROR',
    errno: 1054,
    sqlState: '42S22',
    sqlMessage: "Unknown column 'createdAt' in 'field list'",
    sql: 'INSERT INTO `error` (`id`,`p_id`,`error_type`,`error_id`,`error_info`,`user_id`,`ip`,`header`,`createdAt`,`updatedAt`) VALUES (DEFAULT,?,?,?,?,?,?,?,?,?);',
    parameters: [
      'localhost',
      'unhandledrejection',
      'p1059938548',
      '{"type":"unhandledrejection","errorInfo":{"error":"2333"},"url":"file:///Users/kaierchou/Desktop/demo/frontend-monitor/sdk/test.html","userId":"p1824846382","key":"localhost","deviceInfo":{"screen_info":{"availHeight":1057,"availWidth":1920,"height":1080,"width":1920},"language":"zh","userAgent":"mozilla/5.0 (macintosh; intel mac os x 10_14_6) applewebkit/537.36 (khtml, like gecko) chrome/97.0.4692.71 safari/537.36"},"timestamp":1642009103891,"errorId":"p1059938548"}',
      'p1824846382',
      '::ffff:127.0.0.1',
      '{"host":"127.0.0.1:8233","connection":"keep-alive","content-length":"471","sec-ch-ua":"\\" Not;A Brand\\";v=\\"99\\", \\"Google Chrome\\";v=\\"97\\", \\"Chromium\\";v=\\"97\\"","dnt":"1","sec-ch-ua-mobile":"?0","user-agent":"Mozilla/5.0 (Macintosh; Intel Mac OS X 10_14_6) AppleWebKit/537.36 (KHTML, like Gecko) Chrome/97.0.4692.71 Safari/537.36","sec-ch-ua-platform":"\\"macOS\\"","content-type":"text/plain;charset=UTF-8","accept":"*/*","origin":"null","sec-fetch-site":"cross-site","sec-fetch-mode":"no-cors","sec-fetch-dest":"empty","accept-encoding":"gzip, deflate, br","accept-language":"zh,zh-CN;q=0.9,en;q=0.8"}',
      '2022-01-12 17:38:23',
      '2022-01-12 17:38:23'
    ]
  },
  sql: 'INSERT INTO `error` (`id`,`p_id`,`error_type`,`error_id`,`error_info`,`user_id`,`ip`,`header`,`createdAt`,`updatedAt`) VALUES (DEFAULT,?,?,?,?,?,?,?,?,?);',
  parameters: [
    'localhost',
    'unhandledrejection',
    'p1059938548',
    '{"type":"unhandledrejection","errorInfo":{"error":"2333"},"url":"file:///Users/kaierchou/Desktop/demo/frontend-monitor/sdk/test.html","userId":"p1824846382","key":"localhost","deviceInfo":{"screen_info":{"availHeight":1057,"availWidth":1920,"height":1080,"width":1920},"language":"zh","userAgent":"mozilla/5.0 (macintosh; intel mac os x 10_14_6) applewebkit/537.36 (khtml, like gecko) chrome/97.0.4692.71 safari/537.36"},"timestamp":1642009103891,"errorId":"p1059938548"}',
    'p1824846382',
    '::ffff:127.0.0.1',
    '{"host":"127.0.0.1:8233","connection":"keep-alive","content-length":"471","sec-ch-ua":"\\" Not;A Brand\\";v=\\"99\\", \\"Google Chrome\\";v=\\"97\\", \\"Chromium\\";v=\\"97\\"","dnt":"1","sec-ch-ua-mobile":"?0","user-agent":"Mozilla/5.0 (Macintosh; Intel Mac OS X 10_14_6) AppleWebKit/537.36 (KHTML, like Gecko) Chrome/97.0.4692.71 Safari/537.36","sec-ch-ua-platform":"\\"macOS\\"","content-type":"text/plain;charset=UTF-8","accept":"*/*","origin":"null","sec-fetch-site":"cross-site","sec-fetch-mode":"no-cors","sec-fetch-dest":"empty","accept-encoding":"gzip, deflate, br","accept-language":"zh,zh-CN;q=0.9,en;q=0.8"}',
    '2022-01-12 17:38:23',
    '2022-01-12 17:38:23'
  ]
}
[2022-01-13T01:43:38.442] [INFO] response - DatabaseError [SequelizeDatabaseError]: Unknown column 'createdAt' in 'field list'
    at Query.formatError (/Users/kaierchou/Desktop/demo/frontend-monitor/service/node_modules/sequelize/lib/dialects/mysql/query.js:265:16)
    at Query.run (/Users/kaierchou/Desktop/demo/frontend-monitor/service/node_modules/sequelize/lib/dialects/mysql/query.js:77:18)
    at processTicksAndRejections (internal/process/task_queues.js:95:5)
    at async /Users/kaierchou/Desktop/demo/frontend-monitor/service/node_modules/sequelize/lib/sequelize.js:619:16
    at async MySQLQueryInterface.insert (/Users/kaierchou/Desktop/demo/frontend-monitor/service/node_modules/sequelize/lib/dialects/abstract/query-interface.js:749:21)
    at async model.save (/Users/kaierchou/Desktop/demo/frontend-monitor/service/node_modules/sequelize/lib/model.js:3987:35)
    at async Function.create (/Users/kaierchou/Desktop/demo/frontend-monitor/service/node_modules/sequelize/lib/model.js:2217:12)
    at async processMessage (/Users/kaierchou/Desktop/demo/frontend-monitor/service/redis/index.js:10:5) {
  parent: Error: Unknown column 'createdAt' in 'field list'
      at Packet.asError (/Users/kaierchou/Desktop/demo/frontend-monitor/service/node_modules/mysql2/lib/packets/packet.js:728:17)
      at Prepare.execute (/Users/kaierchou/Desktop/demo/frontend-monitor/service/node_modules/mysql2/lib/commands/command.js:29:26)
      at Connection.handlePacket (/Users/kaierchou/Desktop/demo/frontend-monitor/service/node_modules/mysql2/lib/connection.js:456:32)
      at PacketParser.onPacket (/Users/kaierchou/Desktop/demo/frontend-monitor/service/node_modules/mysql2/lib/connection.js:85:12)
      at PacketParser.executeStart (/Users/kaierchou/Desktop/demo/frontend-monitor/service/node_modules/mysql2/lib/packet_parser.js:75:16)
      at Socket.<anonymous> (/Users/kaierchou/Desktop/demo/frontend-monitor/service/node_modules/mysql2/lib/connection.js:92:25)
      at Socket.emit (events.js:376:20)
      at addChunk (internal/streams/readable.js:309:12)
      at readableAddChunk (internal/streams/readable.js:284:9)
      at Socket.Readable.push (internal/streams/readable.js:223:10) {
    code: 'ER_BAD_FIELD_ERROR',
    errno: 1054,
    sqlState: '42S22',
    sqlMessage: "Unknown column 'createdAt' in 'field list'",
    sql: 'INSERT INTO `error` (`id`,`p_id`,`error_type`,`error_id`,`error_info`,`user_id`,`ip`,`header`,`createdAt`,`updatedAt`) VALUES (DEFAULT,?,?,?,?,?,?,?,?,?);',
    parameters: [
      'localhost',
      'unhandledrejection',
      'p1059938548',
      '{"type":"unhandledrejection","errorInfo":{"error":"2333"},"url":"file:///Users/kaierchou/Desktop/demo/frontend-monitor/sdk/test.html","userId":"p1824846382","key":"localhost","deviceInfo":{"screen_info":{"availHeight":1057,"availWidth":1920,"height":1080,"width":1920},"language":"zh","userAgent":"mozilla/5.0 (macintosh; intel mac os x 10_14_6) applewebkit/537.36 (khtml, like gecko) chrome/97.0.4692.71 safari/537.36"},"timestamp":1642009418370,"errorId":"p1059938548"}',
      'p1824846382',
      '::ffff:127.0.0.1',
      '{"host":"127.0.0.1:8233","connection":"keep-alive","content-length":"471","sec-ch-ua":"\\" Not;A Brand\\";v=\\"99\\", \\"Google Chrome\\";v=\\"97\\", \\"Chromium\\";v=\\"97\\"","dnt":"1","sec-ch-ua-mobile":"?0","user-agent":"Mozilla/5.0 (Macintosh; Intel Mac OS X 10_14_6) AppleWebKit/537.36 (KHTML, like Gecko) Chrome/97.0.4692.71 Safari/537.36","sec-ch-ua-platform":"\\"macOS\\"","content-type":"text/plain;charset=UTF-8","accept":"*/*","origin":"null","sec-fetch-site":"cross-site","sec-fetch-mode":"no-cors","sec-fetch-dest":"empty","accept-encoding":"gzip, deflate, br","accept-language":"zh,zh-CN;q=0.9,en;q=0.8"}',
      '2022-01-12 17:43:38',
      '2022-01-12 17:43:38'
    ]
  },
  original: Error: Unknown column 'createdAt' in 'field list'
      at Packet.asError (/Users/kaierchou/Desktop/demo/frontend-monitor/service/node_modules/mysql2/lib/packets/packet.js:728:17)
      at Prepare.execute (/Users/kaierchou/Desktop/demo/frontend-monitor/service/node_modules/mysql2/lib/commands/command.js:29:26)
      at Connection.handlePacket (/Users/kaierchou/Desktop/demo/frontend-monitor/service/node_modules/mysql2/lib/connection.js:456:32)
      at PacketParser.onPacket (/Users/kaierchou/Desktop/demo/frontend-monitor/service/node_modules/mysql2/lib/connection.js:85:12)
      at PacketParser.executeStart (/Users/kaierchou/Desktop/demo/frontend-monitor/service/node_modules/mysql2/lib/packet_parser.js:75:16)
      at Socket.<anonymous> (/Users/kaierchou/Desktop/demo/frontend-monitor/service/node_modules/mysql2/lib/connection.js:92:25)
      at Socket.emit (events.js:376:20)
      at addChunk (internal/streams/readable.js:309:12)
      at readableAddChunk (internal/streams/readable.js:284:9)
      at Socket.Readable.push (internal/streams/readable.js:223:10) {
    code: 'ER_BAD_FIELD_ERROR',
    errno: 1054,
    sqlState: '42S22',
    sqlMessage: "Unknown column 'createdAt' in 'field list'",
    sql: 'INSERT INTO `error` (`id`,`p_id`,`error_type`,`error_id`,`error_info`,`user_id`,`ip`,`header`,`createdAt`,`updatedAt`) VALUES (DEFAULT,?,?,?,?,?,?,?,?,?);',
    parameters: [
      'localhost',
      'unhandledrejection',
      'p1059938548',
      '{"type":"unhandledrejection","errorInfo":{"error":"2333"},"url":"file:///Users/kaierchou/Desktop/demo/frontend-monitor/sdk/test.html","userId":"p1824846382","key":"localhost","deviceInfo":{"screen_info":{"availHeight":1057,"availWidth":1920,"height":1080,"width":1920},"language":"zh","userAgent":"mozilla/5.0 (macintosh; intel mac os x 10_14_6) applewebkit/537.36 (khtml, like gecko) chrome/97.0.4692.71 safari/537.36"},"timestamp":1642009418370,"errorId":"p1059938548"}',
      'p1824846382',
      '::ffff:127.0.0.1',
      '{"host":"127.0.0.1:8233","connection":"keep-alive","content-length":"471","sec-ch-ua":"\\" Not;A Brand\\";v=\\"99\\", \\"Google Chrome\\";v=\\"97\\", \\"Chromium\\";v=\\"97\\"","dnt":"1","sec-ch-ua-mobile":"?0","user-agent":"Mozilla/5.0 (Macintosh; Intel Mac OS X 10_14_6) AppleWebKit/537.36 (KHTML, like Gecko) Chrome/97.0.4692.71 Safari/537.36","sec-ch-ua-platform":"\\"macOS\\"","content-type":"text/plain;charset=UTF-8","accept":"*/*","origin":"null","sec-fetch-site":"cross-site","sec-fetch-mode":"no-cors","sec-fetch-dest":"empty","accept-encoding":"gzip, deflate, br","accept-language":"zh,zh-CN;q=0.9,en;q=0.8"}',
      '2022-01-12 17:43:38',
      '2022-01-12 17:43:38'
    ]
  },
  sql: 'INSERT INTO `error` (`id`,`p_id`,`error_type`,`error_id`,`error_info`,`user_id`,`ip`,`header`,`createdAt`,`updatedAt`) VALUES (DEFAULT,?,?,?,?,?,?,?,?,?);',
  parameters: [
    'localhost',
    'unhandledrejection',
    'p1059938548',
    '{"type":"unhandledrejection","errorInfo":{"error":"2333"},"url":"file:///Users/kaierchou/Desktop/demo/frontend-monitor/sdk/test.html","userId":"p1824846382","key":"localhost","deviceInfo":{"screen_info":{"availHeight":1057,"availWidth":1920,"height":1080,"width":1920},"language":"zh","userAgent":"mozilla/5.0 (macintosh; intel mac os x 10_14_6) applewebkit/537.36 (khtml, like gecko) chrome/97.0.4692.71 safari/537.36"},"timestamp":1642009418370,"errorId":"p1059938548"}',
    'p1824846382',
    '::ffff:127.0.0.1',
    '{"host":"127.0.0.1:8233","connection":"keep-alive","content-length":"471","sec-ch-ua":"\\" Not;A Brand\\";v=\\"99\\", \\"Google Chrome\\";v=\\"97\\", \\"Chromium\\";v=\\"97\\"","dnt":"1","sec-ch-ua-mobile":"?0","user-agent":"Mozilla/5.0 (Macintosh; Intel Mac OS X 10_14_6) AppleWebKit/537.36 (KHTML, like Gecko) Chrome/97.0.4692.71 Safari/537.36","sec-ch-ua-platform":"\\"macOS\\"","content-type":"text/plain;charset=UTF-8","accept":"*/*","origin":"null","sec-fetch-site":"cross-site","sec-fetch-mode":"no-cors","sec-fetch-dest":"empty","accept-encoding":"gzip, deflate, br","accept-language":"zh,zh-CN;q=0.9,en;q=0.8"}',
    '2022-01-12 17:43:38',
    '2022-01-12 17:43:38'
  ]
}
[2022-01-13T01:48:16.615] [INFO] response - DatabaseError [SequelizeDatabaseError]: Unknown column 'createdAt' in 'field list'
    at Query.formatError (/Users/kaierchou/Desktop/demo/frontend-monitor/service/node_modules/sequelize/lib/dialects/mysql/query.js:265:16)
    at Query.run (/Users/kaierchou/Desktop/demo/frontend-monitor/service/node_modules/sequelize/lib/dialects/mysql/query.js:77:18)
    at processTicksAndRejections (internal/process/task_queues.js:95:5)
    at async /Users/kaierchou/Desktop/demo/frontend-monitor/service/node_modules/sequelize/lib/sequelize.js:619:16
    at async MySQLQueryInterface.insert (/Users/kaierchou/Desktop/demo/frontend-monitor/service/node_modules/sequelize/lib/dialects/abstract/query-interface.js:749:21)
    at async model.save (/Users/kaierchou/Desktop/demo/frontend-monitor/service/node_modules/sequelize/lib/model.js:3987:35)
    at async Function.create (/Users/kaierchou/Desktop/demo/frontend-monitor/service/node_modules/sequelize/lib/model.js:2217:12)
    at async processMessage (/Users/kaierchou/Desktop/demo/frontend-monitor/service/redis/index.js:10:5) {
  parent: Error: Unknown column 'createdAt' in 'field list'
      at Packet.asError (/Users/kaierchou/Desktop/demo/frontend-monitor/service/node_modules/mysql2/lib/packets/packet.js:728:17)
      at Prepare.execute (/Users/kaierchou/Desktop/demo/frontend-monitor/service/node_modules/mysql2/lib/commands/command.js:29:26)
      at Connection.handlePacket (/Users/kaierchou/Desktop/demo/frontend-monitor/service/node_modules/mysql2/lib/connection.js:456:32)
      at PacketParser.onPacket (/Users/kaierchou/Desktop/demo/frontend-monitor/service/node_modules/mysql2/lib/connection.js:85:12)
      at PacketParser.executeStart (/Users/kaierchou/Desktop/demo/frontend-monitor/service/node_modules/mysql2/lib/packet_parser.js:75:16)
      at Socket.<anonymous> (/Users/kaierchou/Desktop/demo/frontend-monitor/service/node_modules/mysql2/lib/connection.js:92:25)
      at Socket.emit (events.js:376:20)
      at addChunk (internal/streams/readable.js:309:12)
      at readableAddChunk (internal/streams/readable.js:284:9)
      at Socket.Readable.push (internal/streams/readable.js:223:10) {
    code: 'ER_BAD_FIELD_ERROR',
    errno: 1054,
    sqlState: '42S22',
    sqlMessage: "Unknown column 'createdAt' in 'field list'",
    sql: 'INSERT INTO `error` (`id`,`p_id`,`error_type`,`error_id`,`error_info`,`user_id`,`ip`,`header`,`createdAt`,`updatedAt`) VALUES (DEFAULT,?,?,?,?,?,?,?,?,?);',
    parameters: [
      'localhost',
      'unhandledrejection',
      'p1059938548',
      '{"type":"unhandledrejection","errorInfo":{"error":"2333"},"url":"file:///Users/kaierchou/Desktop/demo/frontend-monitor/sdk/test.html","userId":"p1824846382","key":"localhost","deviceInfo":{"screen_info":{"availHeight":1057,"availWidth":1920,"height":1080,"width":1920},"language":"zh","userAgent":"mozilla/5.0 (macintosh; intel mac os x 10_14_6) applewebkit/537.36 (khtml, like gecko) chrome/97.0.4692.71 safari/537.36"},"timestamp":1642009696557,"errorId":"p1059938548"}',
      'p1824846382',
      '::ffff:127.0.0.1',
      '{"host":"127.0.0.1:8233","connection":"keep-alive","content-length":"471","sec-ch-ua":"\\" Not;A Brand\\";v=\\"99\\", \\"Google Chrome\\";v=\\"97\\", \\"Chromium\\";v=\\"97\\"","dnt":"1","sec-ch-ua-mobile":"?0","user-agent":"Mozilla/5.0 (Macintosh; Intel Mac OS X 10_14_6) AppleWebKit/537.36 (KHTML, like Gecko) Chrome/97.0.4692.71 Safari/537.36","sec-ch-ua-platform":"\\"macOS\\"","content-type":"text/plain;charset=UTF-8","accept":"*/*","origin":"null","sec-fetch-site":"cross-site","sec-fetch-mode":"no-cors","sec-fetch-dest":"empty","accept-encoding":"gzip, deflate, br","accept-language":"zh,zh-CN;q=0.9,en;q=0.8"}',
      '2022-01-12 17:48:16',
      '2022-01-12 17:48:16'
    ]
  },
  original: Error: Unknown column 'createdAt' in 'field list'
      at Packet.asError (/Users/kaierchou/Desktop/demo/frontend-monitor/service/node_modules/mysql2/lib/packets/packet.js:728:17)
      at Prepare.execute (/Users/kaierchou/Desktop/demo/frontend-monitor/service/node_modules/mysql2/lib/commands/command.js:29:26)
      at Connection.handlePacket (/Users/kaierchou/Desktop/demo/frontend-monitor/service/node_modules/mysql2/lib/connection.js:456:32)
      at PacketParser.onPacket (/Users/kaierchou/Desktop/demo/frontend-monitor/service/node_modules/mysql2/lib/connection.js:85:12)
      at PacketParser.executeStart (/Users/kaierchou/Desktop/demo/frontend-monitor/service/node_modules/mysql2/lib/packet_parser.js:75:16)
      at Socket.<anonymous> (/Users/kaierchou/Desktop/demo/frontend-monitor/service/node_modules/mysql2/lib/connection.js:92:25)
      at Socket.emit (events.js:376:20)
      at addChunk (internal/streams/readable.js:309:12)
      at readableAddChunk (internal/streams/readable.js:284:9)
      at Socket.Readable.push (internal/streams/readable.js:223:10) {
    code: 'ER_BAD_FIELD_ERROR',
    errno: 1054,
    sqlState: '42S22',
    sqlMessage: "Unknown column 'createdAt' in 'field list'",
    sql: 'INSERT INTO `error` (`id`,`p_id`,`error_type`,`error_id`,`error_info`,`user_id`,`ip`,`header`,`createdAt`,`updatedAt`) VALUES (DEFAULT,?,?,?,?,?,?,?,?,?);',
    parameters: [
      'localhost',
      'unhandledrejection',
      'p1059938548',
      '{"type":"unhandledrejection","errorInfo":{"error":"2333"},"url":"file:///Users/kaierchou/Desktop/demo/frontend-monitor/sdk/test.html","userId":"p1824846382","key":"localhost","deviceInfo":{"screen_info":{"availHeight":1057,"availWidth":1920,"height":1080,"width":1920},"language":"zh","userAgent":"mozilla/5.0 (macintosh; intel mac os x 10_14_6) applewebkit/537.36 (khtml, like gecko) chrome/97.0.4692.71 safari/537.36"},"timestamp":1642009696557,"errorId":"p1059938548"}',
      'p1824846382',
      '::ffff:127.0.0.1',
      '{"host":"127.0.0.1:8233","connection":"keep-alive","content-length":"471","sec-ch-ua":"\\" Not;A Brand\\";v=\\"99\\", \\"Google Chrome\\";v=\\"97\\", \\"Chromium\\";v=\\"97\\"","dnt":"1","sec-ch-ua-mobile":"?0","user-agent":"Mozilla/5.0 (Macintosh; Intel Mac OS X 10_14_6) AppleWebKit/537.36 (KHTML, like Gecko) Chrome/97.0.4692.71 Safari/537.36","sec-ch-ua-platform":"\\"macOS\\"","content-type":"text/plain;charset=UTF-8","accept":"*/*","origin":"null","sec-fetch-site":"cross-site","sec-fetch-mode":"no-cors","sec-fetch-dest":"empty","accept-encoding":"gzip, deflate, br","accept-language":"zh,zh-CN;q=0.9,en;q=0.8"}',
      '2022-01-12 17:48:16',
      '2022-01-12 17:48:16'
    ]
  },
  sql: 'INSERT INTO `error` (`id`,`p_id`,`error_type`,`error_id`,`error_info`,`user_id`,`ip`,`header`,`createdAt`,`updatedAt`) VALUES (DEFAULT,?,?,?,?,?,?,?,?,?);',
  parameters: [
    'localhost',
    'unhandledrejection',
    'p1059938548',
    '{"type":"unhandledrejection","errorInfo":{"error":"2333"},"url":"file:///Users/kaierchou/Desktop/demo/frontend-monitor/sdk/test.html","userId":"p1824846382","key":"localhost","deviceInfo":{"screen_info":{"availHeight":1057,"availWidth":1920,"height":1080,"width":1920},"language":"zh","userAgent":"mozilla/5.0 (macintosh; intel mac os x 10_14_6) applewebkit/537.36 (khtml, like gecko) chrome/97.0.4692.71 safari/537.36"},"timestamp":1642009696557,"errorId":"p1059938548"}',
    'p1824846382',
    '::ffff:127.0.0.1',
    '{"host":"127.0.0.1:8233","connection":"keep-alive","content-length":"471","sec-ch-ua":"\\" Not;A Brand\\";v=\\"99\\", \\"Google Chrome\\";v=\\"97\\", \\"Chromium\\";v=\\"97\\"","dnt":"1","sec-ch-ua-mobile":"?0","user-agent":"Mozilla/5.0 (Macintosh; Intel Mac OS X 10_14_6) AppleWebKit/537.36 (KHTML, like Gecko) Chrome/97.0.4692.71 Safari/537.36","sec-ch-ua-platform":"\\"macOS\\"","content-type":"text/plain;charset=UTF-8","accept":"*/*","origin":"null","sec-fetch-site":"cross-site","sec-fetch-mode":"no-cors","sec-fetch-dest":"empty","accept-encoding":"gzip, deflate, br","accept-language":"zh,zh-CN;q=0.9,en;q=0.8"}',
    '2022-01-12 17:48:16',
    '2022-01-12 17:48:16'
  ]
}
[2022-01-13T01:52:28.415] [INFO] response - DatabaseError [SequelizeDatabaseError]: Unknown column 'createdAt' in 'field list'
    at Query.formatError (/Users/kaierchou/Desktop/demo/frontend-monitor/service/node_modules/sequelize/lib/dialects/mysql/query.js:265:16)
    at Query.run (/Users/kaierchou/Desktop/demo/frontend-monitor/service/node_modules/sequelize/lib/dialects/mysql/query.js:77:18)
    at processTicksAndRejections (internal/process/task_queues.js:95:5)
    at async /Users/kaierchou/Desktop/demo/frontend-monitor/service/node_modules/sequelize/lib/sequelize.js:619:16
    at async MySQLQueryInterface.insert (/Users/kaierchou/Desktop/demo/frontend-monitor/service/node_modules/sequelize/lib/dialects/abstract/query-interface.js:749:21)
    at async model.save (/Users/kaierchou/Desktop/demo/frontend-monitor/service/node_modules/sequelize/lib/model.js:3987:35)
    at async Function.create (/Users/kaierchou/Desktop/demo/frontend-monitor/service/node_modules/sequelize/lib/model.js:2217:12)
    at async processMessage (/Users/kaierchou/Desktop/demo/frontend-monitor/service/redis/index.js:10:5) {
  parent: Error: Unknown column 'createdAt' in 'field list'
      at Packet.asError (/Users/kaierchou/Desktop/demo/frontend-monitor/service/node_modules/mysql2/lib/packets/packet.js:728:17)
      at Prepare.execute (/Users/kaierchou/Desktop/demo/frontend-monitor/service/node_modules/mysql2/lib/commands/command.js:29:26)
      at Connection.handlePacket (/Users/kaierchou/Desktop/demo/frontend-monitor/service/node_modules/mysql2/lib/connection.js:456:32)
      at PacketParser.onPacket (/Users/kaierchou/Desktop/demo/frontend-monitor/service/node_modules/mysql2/lib/connection.js:85:12)
      at PacketParser.executeStart (/Users/kaierchou/Desktop/demo/frontend-monitor/service/node_modules/mysql2/lib/packet_parser.js:75:16)
      at Socket.<anonymous> (/Users/kaierchou/Desktop/demo/frontend-monitor/service/node_modules/mysql2/lib/connection.js:92:25)
      at Socket.emit (events.js:376:20)
      at addChunk (internal/streams/readable.js:309:12)
      at readableAddChunk (internal/streams/readable.js:284:9)
      at Socket.Readable.push (internal/streams/readable.js:223:10) {
    code: 'ER_BAD_FIELD_ERROR',
    errno: 1054,
    sqlState: '42S22',
    sqlMessage: "Unknown column 'createdAt' in 'field list'",
    sql: 'INSERT INTO `error` (`id`,`p_id`,`error_type`,`error_id`,`error_info`,`user_id`,`ip`,`header`,`createdAt`,`updatedAt`) VALUES (DEFAULT,?,?,?,?,?,?,?,?,?);',
    parameters: [
      'localhost',
      'unhandledrejection',
      'p1059938548',
      '{"type":"unhandledrejection","errorInfo":{"error":"2333"},"url":"file:///Users/kaierchou/Desktop/demo/frontend-monitor/sdk/test.html","userId":"p1824846382","key":"localhost","deviceInfo":{"screen_info":{"availHeight":1057,"availWidth":1920,"height":1080,"width":1920},"language":"zh","userAgent":"mozilla/5.0 (macintosh; intel mac os x 10_14_6) applewebkit/537.36 (khtml, like gecko) chrome/97.0.4692.71 safari/537.36"},"timestamp":1642009948378,"errorId":"p1059938548"}',
      'p1824846382',
      '::ffff:127.0.0.1',
      '{"host":"127.0.0.1:8233","connection":"keep-alive","content-length":"471","sec-ch-ua":"\\" Not;A Brand\\";v=\\"99\\", \\"Google Chrome\\";v=\\"97\\", \\"Chromium\\";v=\\"97\\"","dnt":"1","sec-ch-ua-mobile":"?0","user-agent":"Mozilla/5.0 (Macintosh; Intel Mac OS X 10_14_6) AppleWebKit/537.36 (KHTML, like Gecko) Chrome/97.0.4692.71 Safari/537.36","sec-ch-ua-platform":"\\"macOS\\"","content-type":"text/plain;charset=UTF-8","accept":"*/*","origin":"null","sec-fetch-site":"cross-site","sec-fetch-mode":"no-cors","sec-fetch-dest":"empty","accept-encoding":"gzip, deflate, br","accept-language":"zh,zh-CN;q=0.9,en;q=0.8"}',
      '2022-01-12 17:52:28',
      '2022-01-12 17:52:28'
    ]
  },
  original: Error: Unknown column 'createdAt' in 'field list'
      at Packet.asError (/Users/kaierchou/Desktop/demo/frontend-monitor/service/node_modules/mysql2/lib/packets/packet.js:728:17)
      at Prepare.execute (/Users/kaierchou/Desktop/demo/frontend-monitor/service/node_modules/mysql2/lib/commands/command.js:29:26)
      at Connection.handlePacket (/Users/kaierchou/Desktop/demo/frontend-monitor/service/node_modules/mysql2/lib/connection.js:456:32)
      at PacketParser.onPacket (/Users/kaierchou/Desktop/demo/frontend-monitor/service/node_modules/mysql2/lib/connection.js:85:12)
      at PacketParser.executeStart (/Users/kaierchou/Desktop/demo/frontend-monitor/service/node_modules/mysql2/lib/packet_parser.js:75:16)
      at Socket.<anonymous> (/Users/kaierchou/Desktop/demo/frontend-monitor/service/node_modules/mysql2/lib/connection.js:92:25)
      at Socket.emit (events.js:376:20)
      at addChunk (internal/streams/readable.js:309:12)
      at readableAddChunk (internal/streams/readable.js:284:9)
      at Socket.Readable.push (internal/streams/readable.js:223:10) {
    code: 'ER_BAD_FIELD_ERROR',
    errno: 1054,
    sqlState: '42S22',
    sqlMessage: "Unknown column 'createdAt' in 'field list'",
    sql: 'INSERT INTO `error` (`id`,`p_id`,`error_type`,`error_id`,`error_info`,`user_id`,`ip`,`header`,`createdAt`,`updatedAt`) VALUES (DEFAULT,?,?,?,?,?,?,?,?,?);',
    parameters: [
      'localhost',
      'unhandledrejection',
      'p1059938548',
      '{"type":"unhandledrejection","errorInfo":{"error":"2333"},"url":"file:///Users/kaierchou/Desktop/demo/frontend-monitor/sdk/test.html","userId":"p1824846382","key":"localhost","deviceInfo":{"screen_info":{"availHeight":1057,"availWidth":1920,"height":1080,"width":1920},"language":"zh","userAgent":"mozilla/5.0 (macintosh; intel mac os x 10_14_6) applewebkit/537.36 (khtml, like gecko) chrome/97.0.4692.71 safari/537.36"},"timestamp":1642009948378,"errorId":"p1059938548"}',
      'p1824846382',
      '::ffff:127.0.0.1',
      '{"host":"127.0.0.1:8233","connection":"keep-alive","content-length":"471","sec-ch-ua":"\\" Not;A Brand\\";v=\\"99\\", \\"Google Chrome\\";v=\\"97\\", \\"Chromium\\";v=\\"97\\"","dnt":"1","sec-ch-ua-mobile":"?0","user-agent":"Mozilla/5.0 (Macintosh; Intel Mac OS X 10_14_6) AppleWebKit/537.36 (KHTML, like Gecko) Chrome/97.0.4692.71 Safari/537.36","sec-ch-ua-platform":"\\"macOS\\"","content-type":"text/plain;charset=UTF-8","accept":"*/*","origin":"null","sec-fetch-site":"cross-site","sec-fetch-mode":"no-cors","sec-fetch-dest":"empty","accept-encoding":"gzip, deflate, br","accept-language":"zh,zh-CN;q=0.9,en;q=0.8"}',
      '2022-01-12 17:52:28',
      '2022-01-12 17:52:28'
    ]
  },
  sql: 'INSERT INTO `error` (`id`,`p_id`,`error_type`,`error_id`,`error_info`,`user_id`,`ip`,`header`,`createdAt`,`updatedAt`) VALUES (DEFAULT,?,?,?,?,?,?,?,?,?);',
  parameters: [
    'localhost',
    'unhandledrejection',
    'p1059938548',
    '{"type":"unhandledrejection","errorInfo":{"error":"2333"},"url":"file:///Users/kaierchou/Desktop/demo/frontend-monitor/sdk/test.html","userId":"p1824846382","key":"localhost","deviceInfo":{"screen_info":{"availHeight":1057,"availWidth":1920,"height":1080,"width":1920},"language":"zh","userAgent":"mozilla/5.0 (macintosh; intel mac os x 10_14_6) applewebkit/537.36 (khtml, like gecko) chrome/97.0.4692.71 safari/537.36"},"timestamp":1642009948378,"errorId":"p1059938548"}',
    'p1824846382',
    '::ffff:127.0.0.1',
    '{"host":"127.0.0.1:8233","connection":"keep-alive","content-length":"471","sec-ch-ua":"\\" Not;A Brand\\";v=\\"99\\", \\"Google Chrome\\";v=\\"97\\", \\"Chromium\\";v=\\"97\\"","dnt":"1","sec-ch-ua-mobile":"?0","user-agent":"Mozilla/5.0 (Macintosh; Intel Mac OS X 10_14_6) AppleWebKit/537.36 (KHTML, like Gecko) Chrome/97.0.4692.71 Safari/537.36","sec-ch-ua-platform":"\\"macOS\\"","content-type":"text/plain;charset=UTF-8","accept":"*/*","origin":"null","sec-fetch-site":"cross-site","sec-fetch-mode":"no-cors","sec-fetch-dest":"empty","accept-encoding":"gzip, deflate, br","accept-language":"zh,zh-CN;q=0.9,en;q=0.8"}',
    '2022-01-12 17:52:28',
    '2022-01-12 17:52:28'
  ]
}
[2022-01-13T01:54:07.060] [INFO] response - DatabaseError [SequelizeDatabaseError]: Unknown column 'createdAt' in 'field list'
    at Query.formatError (/Users/kaierchou/Desktop/demo/frontend-monitor/service/node_modules/sequelize/lib/dialects/mysql/query.js:265:16)
    at Query.run (/Users/kaierchou/Desktop/demo/frontend-monitor/service/node_modules/sequelize/lib/dialects/mysql/query.js:77:18)
    at processTicksAndRejections (internal/process/task_queues.js:95:5)
    at async /Users/kaierchou/Desktop/demo/frontend-monitor/service/node_modules/sequelize/lib/sequelize.js:619:16
    at async MySQLQueryInterface.insert (/Users/kaierchou/Desktop/demo/frontend-monitor/service/node_modules/sequelize/lib/dialects/abstract/query-interface.js:749:21)
    at async model.save (/Users/kaierchou/Desktop/demo/frontend-monitor/service/node_modules/sequelize/lib/model.js:3987:35)
    at async Function.create (/Users/kaierchou/Desktop/demo/frontend-monitor/service/node_modules/sequelize/lib/model.js:2217:12)
    at async processMessage (/Users/kaierchou/Desktop/demo/frontend-monitor/service/redis/index.js:10:5) {
  parent: Error: Unknown column 'createdAt' in 'field list'
      at Packet.asError (/Users/kaierchou/Desktop/demo/frontend-monitor/service/node_modules/mysql2/lib/packets/packet.js:728:17)
      at Prepare.execute (/Users/kaierchou/Desktop/demo/frontend-monitor/service/node_modules/mysql2/lib/commands/command.js:29:26)
      at Connection.handlePacket (/Users/kaierchou/Desktop/demo/frontend-monitor/service/node_modules/mysql2/lib/connection.js:456:32)
      at PacketParser.onPacket (/Users/kaierchou/Desktop/demo/frontend-monitor/service/node_modules/mysql2/lib/connection.js:85:12)
      at PacketParser.executeStart (/Users/kaierchou/Desktop/demo/frontend-monitor/service/node_modules/mysql2/lib/packet_parser.js:75:16)
      at Socket.<anonymous> (/Users/kaierchou/Desktop/demo/frontend-monitor/service/node_modules/mysql2/lib/connection.js:92:25)
      at Socket.emit (events.js:376:20)
      at addChunk (internal/streams/readable.js:309:12)
      at readableAddChunk (internal/streams/readable.js:284:9)
      at Socket.Readable.push (internal/streams/readable.js:223:10) {
    code: 'ER_BAD_FIELD_ERROR',
    errno: 1054,
    sqlState: '42S22',
    sqlMessage: "Unknown column 'createdAt' in 'field list'",
    sql: 'INSERT INTO `error` (`id`,`p_id`,`error_type`,`error_id`,`error_info`,`user_id`,`ip`,`header`,`createdAt`,`updatedAt`) VALUES (DEFAULT,?,?,?,?,?,?,?,?,?);',
    parameters: [
      'localhost',
      'unhandledrejection',
      'p1059938548',
      '{"type":"unhandledrejection","errorInfo":{"error":"2333"},"url":"file:///Users/kaierchou/Desktop/demo/frontend-monitor/sdk/test.html","userId":"p1824846382","key":"localhost","deviceInfo":{"screen_info":{"availHeight":1057,"availWidth":1920,"height":1080,"width":1920},"language":"zh","userAgent":"mozilla/5.0 (macintosh; intel mac os x 10_14_6) applewebkit/537.36 (khtml, like gecko) chrome/97.0.4692.71 safari/537.36"},"timestamp":1642010046993,"errorId":"p1059938548"}',
      'p1824846382',
      '::ffff:127.0.0.1',
      '{"host":"127.0.0.1:8233","connection":"keep-alive","content-length":"471","sec-ch-ua":"\\" Not;A Brand\\";v=\\"99\\", \\"Google Chrome\\";v=\\"97\\", \\"Chromium\\";v=\\"97\\"","dnt":"1","sec-ch-ua-mobile":"?0","user-agent":"Mozilla/5.0 (Macintosh; Intel Mac OS X 10_14_6) AppleWebKit/537.36 (KHTML, like Gecko) Chrome/97.0.4692.71 Safari/537.36","sec-ch-ua-platform":"\\"macOS\\"","content-type":"text/plain;charset=UTF-8","accept":"*/*","origin":"null","sec-fetch-site":"cross-site","sec-fetch-mode":"no-cors","sec-fetch-dest":"empty","accept-encoding":"gzip, deflate, br","accept-language":"zh,zh-CN;q=0.9,en;q=0.8"}',
      '2022-01-13 01:54:07',
      '2022-01-13 01:54:07'
    ]
  },
  original: Error: Unknown column 'createdAt' in 'field list'
      at Packet.asError (/Users/kaierchou/Desktop/demo/frontend-monitor/service/node_modules/mysql2/lib/packets/packet.js:728:17)
      at Prepare.execute (/Users/kaierchou/Desktop/demo/frontend-monitor/service/node_modules/mysql2/lib/commands/command.js:29:26)
      at Connection.handlePacket (/Users/kaierchou/Desktop/demo/frontend-monitor/service/node_modules/mysql2/lib/connection.js:456:32)
      at PacketParser.onPacket (/Users/kaierchou/Desktop/demo/frontend-monitor/service/node_modules/mysql2/lib/connection.js:85:12)
      at PacketParser.executeStart (/Users/kaierchou/Desktop/demo/frontend-monitor/service/node_modules/mysql2/lib/packet_parser.js:75:16)
      at Socket.<anonymous> (/Users/kaierchou/Desktop/demo/frontend-monitor/service/node_modules/mysql2/lib/connection.js:92:25)
      at Socket.emit (events.js:376:20)
      at addChunk (internal/streams/readable.js:309:12)
      at readableAddChunk (internal/streams/readable.js:284:9)
      at Socket.Readable.push (internal/streams/readable.js:223:10) {
    code: 'ER_BAD_FIELD_ERROR',
    errno: 1054,
    sqlState: '42S22',
    sqlMessage: "Unknown column 'createdAt' in 'field list'",
    sql: 'INSERT INTO `error` (`id`,`p_id`,`error_type`,`error_id`,`error_info`,`user_id`,`ip`,`header`,`createdAt`,`updatedAt`) VALUES (DEFAULT,?,?,?,?,?,?,?,?,?);',
    parameters: [
      'localhost',
      'unhandledrejection',
      'p1059938548',
      '{"type":"unhandledrejection","errorInfo":{"error":"2333"},"url":"file:///Users/kaierchou/Desktop/demo/frontend-monitor/sdk/test.html","userId":"p1824846382","key":"localhost","deviceInfo":{"screen_info":{"availHeight":1057,"availWidth":1920,"height":1080,"width":1920},"language":"zh","userAgent":"mozilla/5.0 (macintosh; intel mac os x 10_14_6) applewebkit/537.36 (khtml, like gecko) chrome/97.0.4692.71 safari/537.36"},"timestamp":1642010046993,"errorId":"p1059938548"}',
      'p1824846382',
      '::ffff:127.0.0.1',
      '{"host":"127.0.0.1:8233","connection":"keep-alive","content-length":"471","sec-ch-ua":"\\" Not;A Brand\\";v=\\"99\\", \\"Google Chrome\\";v=\\"97\\", \\"Chromium\\";v=\\"97\\"","dnt":"1","sec-ch-ua-mobile":"?0","user-agent":"Mozilla/5.0 (Macintosh; Intel Mac OS X 10_14_6) AppleWebKit/537.36 (KHTML, like Gecko) Chrome/97.0.4692.71 Safari/537.36","sec-ch-ua-platform":"\\"macOS\\"","content-type":"text/plain;charset=UTF-8","accept":"*/*","origin":"null","sec-fetch-site":"cross-site","sec-fetch-mode":"no-cors","sec-fetch-dest":"empty","accept-encoding":"gzip, deflate, br","accept-language":"zh,zh-CN;q=0.9,en;q=0.8"}',
      '2022-01-13 01:54:07',
      '2022-01-13 01:54:07'
    ]
  },
  sql: 'INSERT INTO `error` (`id`,`p_id`,`error_type`,`error_id`,`error_info`,`user_id`,`ip`,`header`,`createdAt`,`updatedAt`) VALUES (DEFAULT,?,?,?,?,?,?,?,?,?);',
  parameters: [
    'localhost',
    'unhandledrejection',
    'p1059938548',
    '{"type":"unhandledrejection","errorInfo":{"error":"2333"},"url":"file:///Users/kaierchou/Desktop/demo/frontend-monitor/sdk/test.html","userId":"p1824846382","key":"localhost","deviceInfo":{"screen_info":{"availHeight":1057,"availWidth":1920,"height":1080,"width":1920},"language":"zh","userAgent":"mozilla/5.0 (macintosh; intel mac os x 10_14_6) applewebkit/537.36 (khtml, like gecko) chrome/97.0.4692.71 safari/537.36"},"timestamp":1642010046993,"errorId":"p1059938548"}',
    'p1824846382',
    '::ffff:127.0.0.1',
    '{"host":"127.0.0.1:8233","connection":"keep-alive","content-length":"471","sec-ch-ua":"\\" Not;A Brand\\";v=\\"99\\", \\"Google Chrome\\";v=\\"97\\", \\"Chromium\\";v=\\"97\\"","dnt":"1","sec-ch-ua-mobile":"?0","user-agent":"Mozilla/5.0 (Macintosh; Intel Mac OS X 10_14_6) AppleWebKit/537.36 (KHTML, like Gecko) Chrome/97.0.4692.71 Safari/537.36","sec-ch-ua-platform":"\\"macOS\\"","content-type":"text/plain;charset=UTF-8","accept":"*/*","origin":"null","sec-fetch-site":"cross-site","sec-fetch-mode":"no-cors","sec-fetch-dest":"empty","accept-encoding":"gzip, deflate, br","accept-language":"zh,zh-CN;q=0.9,en;q=0.8"}',
    '2022-01-13 01:54:07',
    '2022-01-13 01:54:07'
  ]
}
