[2021-12-30T10:43:34.912] [INFO] response - {
  method: 'GET',
  url: '/succ',
  body: {},
  response: {
    status: 404,
    message: 'Not Found',
    header: [Object: null prototype] {
      vary: 'Origin',
      'access-control-allow-origin': 'null'
    },
    body: undefined
  },
  costTime: 7
}
[2021-12-30T10:43:34.951] [INFO] response - {
  method: 'GET',
  url: '/failed',
  body: {},
  response: {
    status: 404,
    message: 'Not Found',
    header: [Object: null prototype] {
      vary: 'Origin',
      'access-control-allow-origin': 'null'
    },
    body: undefined
  },
  costTime: 0
}
[2021-12-30T10:43:34.952] [INFO] response - {
  method: 'GET',
  url: '/server-err',
  body: {},
  response: {
    status: 404,
    message: 'Not Found',
    header: [Object: null prototype] {
      vary: 'Origin',
      'access-control-allow-origin': 'null'
    },
    body: undefined
  },
  costTime: 0
}
[2021-12-30T10:43:34.981] [INFO] response - {
  method: 'POST',
  url: '/postReport',
  body: {},
  response: {
    status: 404,
    message: 'Not Found',
    header: [Object: null prototype] {
      vary: 'Origin',
      'access-control-allow-origin': 'null'
    },
    body: undefined
  },
  costTime: 0
}
[2021-12-30T10:43:34.982] [INFO] response - {
  method: 'GET',
  url: '/succ',
  body: {},
  response: {
    status: 404,
    message: 'Not Found',
    header: [Object: null prototype] {
      vary: 'Origin',
      'access-control-allow-origin': 'null'
    },
    body: undefined
  },
  costTime: 0
}
[2021-12-30T10:44:18.773] [INFO] response - {
  method: 'GET',
  url: '/succ',
  body: {},
  response: {
    status: 404,
    message: 'Not Found',
    header: [Object: null prototype] {
      vary: 'Origin',
      'access-control-allow-origin': 'null'
    },
    body: undefined
  },
  costTime: 1
}
[2021-12-30T10:44:18.774] [INFO] response - {
  method: 'GET',
  url: '/failed',
  body: {},
  response: {
    status: 404,
    message: 'Not Found',
    header: [Object: null prototype] {
      vary: 'Origin',
      'access-control-allow-origin': 'null'
    },
    body: undefined
  },
  costTime: 0
}
[2021-12-30T10:44:18.776] [INFO] response - {
  method: 'GET',
  url: '/server-err',
  body: {},
  response: {
    status: 404,
    message: 'Not Found',
    header: [Object: null prototype] {
      vary: 'Origin',
      'access-control-allow-origin': 'null'
    },
    body: undefined
  },
  costTime: 0
}
[2021-12-30T10:44:18.781] [INFO] response - {
  method: 'GET',
  url: '/succ',
  body: {},
  response: {
    status: 404,
    message: 'Not Found',
    header: [Object: null prototype] {
      vary: 'Origin',
      'access-control-allow-origin': 'null'
    },
    body: undefined
  },
  costTime: 0
}
[2021-12-30T10:44:18.782] [INFO] response - {
  method: 'POST',
  url: '/postReport',
  body: {},
  response: {
    status: 404,
    message: 'Not Found',
    header: [Object: null prototype] {
      vary: 'Origin',
      'access-control-allow-origin': 'null'
    },
    body: undefined
  },
  costTime: 0
}
[2021-12-30T18:02:21.097] [INFO] response - {
  method: 'GET',
  url: '/succ',
  body: {},
  response: {
    status: 404,
    message: 'Not Found',
    header: [Object: null prototype] {
      vary: 'Origin',
      'access-control-allow-origin': 'null'
    },
    body: undefined
  },
  costTime: 3
}
[2021-12-30T18:02:21.104] [INFO] response - {
  method: 'GET',
  url: '/failed',
  body: {},
  response: {
    status: 404,
    message: 'Not Found',
    header: [Object: null prototype] {
      vary: 'Origin',
      'access-control-allow-origin': 'null'
    },
    body: undefined
  },
  costTime: 1
}
[2021-12-30T18:02:21.105] [INFO] response - {
  method: 'GET',
  url: '/server-err',
  body: {},
  response: {
    status: 404,
    message: 'Not Found',
    header: [Object: null prototype] {
      vary: 'Origin',
      'access-control-allow-origin': 'null'
    },
    body: undefined
  },
  costTime: 0
}
[2021-12-30T18:02:21.107] [INFO] response - {
  method: 'GET',
  url: '/succ',
  body: {},
  response: {
    status: 404,
    message: 'Not Found',
    header: [Object: null prototype] {
      vary: 'Origin',
      'access-control-allow-origin': 'null'
    },
    body: undefined
  },
  costTime: 0
}
[2021-12-30T18:02:21.109] [INFO] response - {
  method: 'POST',
  url: '/postReport',
  body: {},
  response: {
    status: 404,
    message: 'Not Found',
    header: [Object: null prototype] {
      vary: 'Origin',
      'access-control-allow-origin': 'null'
    },
    body: undefined
  },
  costTime: 1
}
