[2022-03-29T00:26:10.798] [INFO] response - {
  method: 'DELETE',
  url: '/monit/api/project/6f551a49d3',
  body: {},
  response: {
    status: 500,
    message: 'Internal Server Error',
    header: [Object: null prototype] {
      vary: 'Origin',
      'access-control-allow-origin': 'http://localhost:1024',
      'content-type': 'application/json; charset=utf-8'
    },
    body: { message: 'Error.destroy is not a function' }
  },
  costTime: 18
}
[2022-03-29T18:54:59.832] [INFO] response - {
  method: 'GET',
  url: '/monit/api/analyse/error-list?p_id=1bafadc309',
  body: {},
  response: {
    status: 500,
    message: 'Internal Server Error',
    header: [Object: null prototype] {
      vary: 'Origin',
      'access-control-allow-origin': '*',
      'content-type': 'application/json; charset=utf-8'
    },
    body: {
      message: "You have an error in your SQL syntax; check the manual that corresponds to your MySQL server version for the right syntax to use near 'FROM\n" +
        '\t    error\n' +
        '    WHERE\n' +
        "\t    FROM_UNIXTIME( exception_time / 1000, '%Y-%m-%d %' at line 7"
    }
  },
  costTime: 15
}
[2022-03-29T18:57:20.208] [INFO] response - {
  method: 'GET',
  url: '/monit/api/analyse/error-list?p_id=1bafadc309',
  body: {},
  response: {
    status: 500,
    message: 'Internal Server Error',
    header: [Object: null prototype] {
      vary: 'Origin',
      'access-control-allow-origin': '*',
      'content-type': 'application/json; charset=utf-8'
    },
    body: {
      message: "You have an error in your SQL syntax; check the manual that corresponds to your MySQL server version for the right syntax to use near 'FROM\n" +
        '\t    error\n' +
        '    WHERE\n' +
        "\t    FROM_UNIXTIME( exception_time / 1000, '%Y-%m-%d %' at line 7"
    }
  },
  costTime: 9
}
[2022-03-29T18:57:22.316] [INFO] response - {
  method: 'GET',
  url: '/monit/api/analyse/error-list?p_id=1bafadc309',
  body: {},
  response: {
    status: 500,
    message: 'Internal Server Error',
    header: [Object: null prototype] {
      vary: 'Origin',
      'access-control-allow-origin': '*',
      'content-type': 'application/json; charset=utf-8'
    },
    body: {
      message: "You have an error in your SQL syntax; check the manual that corresponds to your MySQL server version for the right syntax to use near 'FROM\n" +
        '\t    error\n' +
        '    WHERE\n' +
        "\t    FROM_UNIXTIME( exception_time / 1000, '%Y-%m-%d %' at line 7"
    }
  },
  costTime: 2
}
[2022-03-29T18:57:51.141] [INFO] response - {
  method: 'GET',
  url: '/monit/api/analyse/error-list?p_id=1bafadc309',
  body: {},
  response: {
    status: 500,
    message: 'Internal Server Error',
    header: [Object: null prototype] {
      vary: 'Origin',
      'access-control-allow-origin': '*',
      'content-type': 'application/json; charset=utf-8'
    },
    body: {
      message: "You have an error in your SQL syntax; check the manual that corresponds to your MySQL server version for the right syntax to use near 'FROM\n" +
        '\t    error\n' +
        '    WHERE\n' +
        "\t    FROM_UNIXTIME( exception_time / 1000, '%Y-%m-%d %' at line 7"
    }
  },
  costTime: 9
}
[2022-03-29T19:05:20.471] [INFO] response - {
  method: 'GET',
  url: '/monit/api/analyse/error-list?p_id=1bafadc309',
  body: {},
  response: {
    status: 500,
    message: 'Internal Server Error',
    header: [Object: null prototype] {
      vary: 'Origin',
      'access-control-allow-origin': '*',
      'content-type': 'application/json; charset=utf-8'
    },
    body: {
      message: "You have an error in your SQL syntax; check the manual that corresponds to your MySQL server version for the right syntax to use near 'FROM\n" +
        '\t    error\n' +
        '    WHERE\n' +
        "\t    FROM_UNIXTIME(exception_time / 1000, '%Y-%m-%d %H' at line 7"
    }
  },
  costTime: 9
}
[2022-03-29T19:05:44.137] [INFO] response - {
  method: 'GET',
  url: '/monit/api/analyse/error-list?p_id=1bafadc309',
  body: {},
  response: {
    status: 500,
    message: 'Internal Server Error',
    header: [Object: null prototype] {
      vary: 'Origin',
      'access-control-allow-origin': '*',
      'content-type': 'application/json; charset=utf-8'
    },
    body: {
      message: "You have an error in your SQL syntax; check the manual that corresponds to your MySQL server version for the right syntax to use near 'FROM\n" +
        '\t    error\n' +
        '    WHERE\n' +
        "\t    FROM_UNIXTIME(exception_time / 1000, '%Y-%m-%d %H' at line 7"
    }
  },
  costTime: 8
}
[2022-03-29T19:06:35.779] [INFO] response - {
  method: 'GET',
  url: '/monit/api/analyse/error-list?p_id=1bafadc309',
  body: {},
  response: {
    status: 500,
    message: 'Internal Server Error',
    header: [Object: null prototype] {
      vary: 'Origin',
      'access-control-allow-origin': '*',
      'content-type': 'application/json; charset=utf-8'
    },
    body: { message: 'result is not defined' }
  },
  costTime: 11
}
[2022-03-29T19:16:39.650] [INFO] response - {
  method: 'GET',
  url: '/monit/api/analyse/error-list?p_id=1bafadc309',
  body: {},
  response: {
    status: 500,
    message: 'Internal Server Error',
    header: [Object: null prototype] {
      vary: 'Origin',
      'access-control-allow-origin': '*',
      'content-type': 'application/json; charset=utf-8'
    },
    body: { message: "Unknown column 'FOUND_ROWS' in 'field list'" }
  },
  costTime: 14
}
