[2021-10-19T16:36:30.512] [INFO] response - {
  method: 'GET',
  url: '/',
  body: {},
  response: {
    status: 200,
    message: 'OK',
    header: [Object: null prototype] {
      vary: 'Origin',
      'access-control-allow-origin': '*',
      'content-type': 'text/plain; charset=utf-8',
      'content-length': '9'
    },
    body: 'hello koa'
  },
  costTime: 1
}
[2021-10-19T16:38:33.836] [INFO] response - {
  method: 'GET',
  url: '/',
  body: {},
  response: {
    status: 200,
    message: 'OK',
    header: [Object: null prototype] {
      vary: 'Origin',
      'access-control-allow-origin': '*',
      'content-type': 'text/plain; charset=utf-8',
      'content-length': '9'
    },
    body: 'hello koa'
  },
  costTime: 1
}
[2021-10-19T17:10:25.798] [INFO] response - {
  method: 'GET',
  url: '/test',
  body: {},
  response: {
    status: 200,
    message: 'OK',
    header: [Object: null prototype] {
      vary: 'Origin',
      'access-control-allow-origin': '*',
      'content-type': 'text/plain; charset=utf-8',
      'content-length': '24'
    },
    body: 'connection is successful'
  },
  costTime: 3
}
[2021-10-19T17:12:46.802] [INFO] response - {
  method: 'GET',
  url: '/user/233',
  body: {},
  response: {
    status: 200,
    message: 'OK',
    header: [Object: null prototype] {
      vary: 'Origin',
      'access-control-allow-origin': '*',
      'content-type': 'text/plain; charset=utf-8',
      'content-length': '14'
    },
    body: 'User ID is 233'
  },
  costTime: 1
}
[2021-10-19T17:29:22.548] [INFO] response - {
  method: 'PUT',
  url: '/user/233',
  body: {},
  response: {
    status: 200,
    message: 'OK',
    header: [Object: null prototype] {
      vary: 'Origin',
      'access-control-allow-origin': '*',
      'content-type': 'text/plain; charset=utf-8',
      'content-length': '25'
    },
    body: 'Update user with ID = 233'
  },
  costTime: 1
}
[2021-10-19T17:29:30.629] [INFO] response - {
  method: 'DELETE',
  url: '/user/233',
  body: {},
  response: {
    status: 200,
    message: 'OK',
    header: [Object: null prototype] {
      vary: 'Origin',
      'access-control-allow-origin': '*',
      'content-type': 'text/plain; charset=utf-8',
      'content-length': '25'
    },
    body: 'Delete user with ID = 233'
  },
  costTime: 1
}
[2021-10-19T17:29:41.842] [INFO] response - {
  method: 'GET',
  url: '/233',
  body: {},
  response: {
    status: 404,
    message: 'Not Found',
    header: [Object: null prototype] {
      vary: 'Origin',
      'access-control-allow-origin': '*'
    },
    body: undefined
  },
  costTime: 0
}
