[2022-03-26T00:13:00.968] [INFO] response - {
  method: 'GET',
  url: '/monit/api/project',
  body: {},
  response: {
    status: 500,
    message: 'Internal Server Error',
    header: [Object: null prototype] {
      vary: 'Origin',
      'access-control-allow-origin': '*',
      'content-type': 'application/json; charset=utf-8'
    },
    body: { message: 'Seq.query is not a function' }
  },
  costTime: 6
}
[2022-03-26T00:19:32.152] [INFO] response - {
  method: 'GET',
  url: '/monit/api/project',
  body: {},
  response: {
    status: 500,
    message: 'Internal Server Error',
    header: [Object: null prototype] {
      vary: 'Origin',
      'access-control-allow-origin': '*',
      'content-type': 'application/json; charset=utf-8'
    },
    body: { message: "Unknown column '17b155f486' in 'where clause'" }
  },
  costTime: 15
}
