[2022-01-07T14:52:00.642] [INFO] response - {
  method: 'GET',
  url: '/succ',
  body: {},
  response: {
    status: 404,
    message: 'Not Found',
    header: [Object: null prototype] {
      vary: 'Origin',
      'access-control-allow-origin': 'null'
    },
    body: undefined
  },
  costTime: 1
}
[2022-01-07T14:52:00.646] [INFO] response - {
  method: 'GET',
  url: '/failed',
  body: {},
  response: {
    status: 404,
    message: 'Not Found',
    header: [Object: null prototype] {
      vary: 'Origin',
      'access-control-allow-origin': 'null'
    },
    body: undefined
  },
  costTime: 0
}
[2022-01-07T14:52:00.647] [INFO] response - {
  method: 'GET',
  url: '/server-err',
  body: {},
  response: {
    status: 404,
    message: 'Not Found',
    header: [Object: null prototype] {
      vary: 'Origin',
      'access-control-allow-origin': 'null'
    },
    body: undefined
  },
  costTime: 1
}
[2022-01-07T14:52:00.648] [INFO] response - {
  method: 'POST',
  url: '/postReport',
  body: {},
  response: {
    status: 404,
    message: 'Not Found',
    header: [Object: null prototype] {
      vary: 'Origin',
      'access-control-allow-origin': 'null'
    },
    body: undefined
  },
  costTime: 1
}
[2022-01-07T14:52:00.650] [INFO] response - {
  method: 'GET',
  url: '/succ',
  body: {},
  response: {
    status: 404,
    message: 'Not Found',
    header: [Object: null prototype] {
      vary: 'Origin',
      'access-control-allow-origin': 'null'
    },
    body: undefined
  },
  costTime: 1
}
[2022-01-07T14:54:25.091] [INFO] response - {
  method: 'GET',
  url: '/succ',
  body: {},
  response: {
    status: 404,
    message: 'Not Found',
    header: [Object: null prototype] {
      vary: 'Origin',
      'access-control-allow-origin': 'null'
    },
    body: undefined
  },
  costTime: 0
}
[2022-01-07T14:54:25.092] [INFO] response - {
  method: 'GET',
  url: '/failed',
  body: {},
  response: {
    status: 404,
    message: 'Not Found',
    header: [Object: null prototype] {
      vary: 'Origin',
      'access-control-allow-origin': 'null'
    },
    body: undefined
  },
  costTime: 0
}
[2022-01-07T14:54:25.093] [INFO] response - {
  method: 'GET',
  url: '/server-err',
  body: {},
  response: {
    status: 404,
    message: 'Not Found',
    header: [Object: null prototype] {
      vary: 'Origin',
      'access-control-allow-origin': 'null'
    },
    body: undefined
  },
  costTime: 0
}
[2022-01-07T14:54:25.094] [INFO] response - {
  method: 'GET',
  url: '/succ',
  body: {},
  response: {
    status: 404,
    message: 'Not Found',
    header: [Object: null prototype] {
      vary: 'Origin',
      'access-control-allow-origin': 'null'
    },
    body: undefined
  },
  costTime: 0
}
[2022-01-07T14:54:25.098] [INFO] response - {
  method: 'POST',
  url: '/postReport',
  body: {},
  response: {
    status: 404,
    message: 'Not Found',
    header: [Object: null prototype] {
      vary: 'Origin',
      'access-control-allow-origin': 'null'
    },
    body: undefined
  },
  costTime: 0
}
[2022-01-07T14:54:43.222] [INFO] response - {
  method: 'GET',
  url: '/succ',
  body: {},
  response: {
    status: 404,
    message: 'Not Found',
    header: [Object: null prototype] {
      vary: 'Origin',
      'access-control-allow-origin': 'null'
    },
    body: undefined
  },
  costTime: 1
}
[2022-01-07T14:54:43.223] [INFO] response - {
  method: 'GET',
  url: '/failed',
  body: {},
  response: {
    status: 404,
    message: 'Not Found',
    header: [Object: null prototype] {
      vary: 'Origin',
      'access-control-allow-origin': 'null'
    },
    body: undefined
  },
  costTime: 0
}
[2022-01-07T14:54:43.226] [INFO] response - {
  method: 'GET',
  url: '/server-err',
  body: {},
  response: {
    status: 404,
    message: 'Not Found',
    header: [Object: null prototype] {
      vary: 'Origin',
      'access-control-allow-origin': 'null'
    },
    body: undefined
  },
  costTime: 0
}
[2022-01-07T14:54:43.227] [INFO] response - {
  method: 'GET',
  url: '/succ',
  body: {},
  response: {
    status: 404,
    message: 'Not Found',
    header: [Object: null prototype] {
      vary: 'Origin',
      'access-control-allow-origin': 'null'
    },
    body: undefined
  },
  costTime: 0
}
[2022-01-07T14:54:43.228] [INFO] response - {
  method: 'POST',
  url: '/postReport',
  body: {},
  response: {
    status: 404,
    message: 'Not Found',
    header: [Object: null prototype] {
      vary: 'Origin',
      'access-control-allow-origin': 'null'
    },
    body: undefined
  },
  costTime: 0
}
[2022-01-07T15:12:45.258] [INFO] response - {
  method: 'GET',
  url: '/succ',
  body: {},
  response: {
    status: 404,
    message: 'Not Found',
    header: [Object: null prototype] {
      vary: 'Origin',
      'access-control-allow-origin': 'http://127.0.0.1:5500'
    },
    body: undefined
  },
  costTime: 0
}
[2022-01-07T15:12:45.260] [INFO] response - {
  method: 'GET',
  url: '/failed',
  body: {},
  response: {
    status: 404,
    message: 'Not Found',
    header: [Object: null prototype] {
      vary: 'Origin',
      'access-control-allow-origin': 'http://127.0.0.1:5500'
    },
    body: undefined
  },
  costTime: 0
}
[2022-01-07T15:12:45.260] [INFO] response - {
  method: 'GET',
  url: '/server-err',
  body: {},
  response: {
    status: 404,
    message: 'Not Found',
    header: [Object: null prototype] {
      vary: 'Origin',
      'access-control-allow-origin': 'http://127.0.0.1:5500'
    },
    body: undefined
  },
  costTime: 0
}
[2022-01-07T15:12:45.262] [INFO] response - {
  method: 'GET',
  url: '/succ',
  body: {},
  response: {
    status: 404,
    message: 'Not Found',
    header: [Object: null prototype] {
      vary: 'Origin',
      'access-control-allow-origin': 'http://127.0.0.1:5500'
    },
    body: undefined
  },
  costTime: 1
}
[2022-01-07T15:12:45.262] [INFO] response - {
  method: 'POST',
  url: '/postReport',
  body: {},
  response: {
    status: 404,
    message: 'Not Found',
    header: [Object: null prototype] {
      vary: 'Origin',
      'access-control-allow-origin': 'http://127.0.0.1:5500'
    },
    body: undefined
  },
  costTime: 0
}
[2022-01-07T15:12:45.599] [INFO] response - {
  method: 'GET',
  url: '/succ',
  body: {},
  response: {
    status: 404,
    message: 'Not Found',
    header: [Object: null prototype] {
      vary: 'Origin',
      'access-control-allow-origin': 'http://127.0.0.1:5500'
    },
    body: undefined
  },
  costTime: 0
}
[2022-01-07T15:12:45.601] [INFO] response - {
  method: 'GET',
  url: '/failed',
  body: {},
  response: {
    status: 404,
    message: 'Not Found',
    header: [Object: null prototype] {
      vary: 'Origin',
      'access-control-allow-origin': 'http://127.0.0.1:5500'
    },
    body: undefined
  },
  costTime: 1
}
[2022-01-07T15:12:45.601] [INFO] response - {
  method: 'GET',
  url: '/server-err',
  body: {},
  response: {
    status: 404,
    message: 'Not Found',
    header: [Object: null prototype] {
      vary: 'Origin',
      'access-control-allow-origin': 'http://127.0.0.1:5500'
    },
    body: undefined
  },
  costTime: 0
}
[2022-01-07T15:12:45.603] [INFO] response - {
  method: 'GET',
  url: '/succ',
  body: {},
  response: {
    status: 404,
    message: 'Not Found',
    header: [Object: null prototype] {
      vary: 'Origin',
      'access-control-allow-origin': 'http://127.0.0.1:5500'
    },
    body: undefined
  },
  costTime: 0
}
[2022-01-07T15:12:45.604] [INFO] response - {
  method: 'POST',
  url: '/postReport',
  body: {},
  response: {
    status: 404,
    message: 'Not Found',
    header: [Object: null prototype] {
      vary: 'Origin',
      'access-control-allow-origin': 'http://127.0.0.1:5500'
    },
    body: undefined
  },
  costTime: 0
}
[2022-01-07T15:12:45.965] [INFO] response - {
  method: 'GET',
  url: '/succ',
  body: {},
  response: {
    status: 404,
    message: 'Not Found',
    header: [Object: null prototype] {
      vary: 'Origin',
      'access-control-allow-origin': 'http://127.0.0.1:5500'
    },
    body: undefined
  },
  costTime: 1
}
[2022-01-07T15:12:45.976] [INFO] response - {
  method: 'GET',
  url: '/failed',
  body: {},
  response: {
    status: 404,
    message: 'Not Found',
    header: [Object: null prototype] {
      vary: 'Origin',
      'access-control-allow-origin': 'http://127.0.0.1:5500'
    },
    body: undefined
  },
  costTime: 0
}
[2022-01-07T15:12:45.977] [INFO] response - {
  method: 'GET',
  url: '/server-err',
  body: {},
  response: {
    status: 404,
    message: 'Not Found',
    header: [Object: null prototype] {
      vary: 'Origin',
      'access-control-allow-origin': 'http://127.0.0.1:5500'
    },
    body: undefined
  },
  costTime: 0
}
[2022-01-07T15:12:45.978] [INFO] response - {
  method: 'GET',
  url: '/succ',
  body: {},
  response: {
    status: 404,
    message: 'Not Found',
    header: [Object: null prototype] {
      vary: 'Origin',
      'access-control-allow-origin': 'http://127.0.0.1:5500'
    },
    body: undefined
  },
  costTime: 0
}
[2022-01-07T15:12:45.978] [INFO] response - {
  method: 'POST',
  url: '/postReport',
  body: {},
  response: {
    status: 404,
    message: 'Not Found',
    header: [Object: null prototype] {
      vary: 'Origin',
      'access-control-allow-origin': 'http://127.0.0.1:5500'
    },
    body: undefined
  },
  costTime: 0
}
[2022-01-07T15:12:46.288] [INFO] response - {
  method: 'GET',
  url: '/succ',
  body: {},
  response: {
    status: 404,
    message: 'Not Found',
    header: [Object: null prototype] {
      vary: 'Origin',
      'access-control-allow-origin': 'http://127.0.0.1:5500'
    },
    body: undefined
  },
  costTime: 1
}
[2022-01-07T15:12:46.288] [INFO] response - {
  method: 'GET',
  url: '/failed',
  body: {},
  response: {
    status: 404,
    message: 'Not Found',
    header: [Object: null prototype] {
      vary: 'Origin',
      'access-control-allow-origin': 'http://127.0.0.1:5500'
    },
    body: undefined
  },
  costTime: 0
}
[2022-01-07T15:12:46.289] [INFO] response - {
  method: 'GET',
  url: '/server-err',
  body: {},
  response: {
    status: 404,
    message: 'Not Found',
    header: [Object: null prototype] {
      vary: 'Origin',
      'access-control-allow-origin': 'http://127.0.0.1:5500'
    },
    body: undefined
  },
  costTime: 0
}
[2022-01-07T15:12:46.289] [INFO] response - {
  method: 'GET',
  url: '/succ',
  body: {},
  response: {
    status: 404,
    message: 'Not Found',
    header: [Object: null prototype] {
      vary: 'Origin',
      'access-control-allow-origin': 'http://127.0.0.1:5500'
    },
    body: undefined
  },
  costTime: 0
}
[2022-01-07T15:12:46.290] [INFO] response - {
  method: 'POST',
  url: '/postReport',
  body: {},
  response: {
    status: 404,
    message: 'Not Found',
    header: [Object: null prototype] {
      vary: 'Origin',
      'access-control-allow-origin': 'http://127.0.0.1:5500'
    },
    body: undefined
  },
  costTime: 0
}
[2022-01-07T15:12:46.604] [INFO] response - {
  method: 'GET',
  url: '/succ',
  body: {},
  response: {
    status: 404,
    message: 'Not Found',
    header: [Object: null prototype] {
      vary: 'Origin',
      'access-control-allow-origin': 'http://127.0.0.1:5500'
    },
    body: undefined
  },
  costTime: 0
}
[2022-01-07T15:12:46.605] [INFO] response - {
  method: 'GET',
  url: '/failed',
  body: {},
  response: {
    status: 404,
    message: 'Not Found',
    header: [Object: null prototype] {
      vary: 'Origin',
      'access-control-allow-origin': 'http://127.0.0.1:5500'
    },
    body: undefined
  },
  costTime: 1
}
[2022-01-07T15:12:46.605] [INFO] response - {
  method: 'GET',
  url: '/server-err',
  body: {},
  response: {
    status: 404,
    message: 'Not Found',
    header: [Object: null prototype] {
      vary: 'Origin',
      'access-control-allow-origin': 'http://127.0.0.1:5500'
    },
    body: undefined
  },
  costTime: 0
}
[2022-01-07T15:12:46.606] [INFO] response - {
  method: 'GET',
  url: '/succ',
  body: {},
  response: {
    status: 404,
    message: 'Not Found',
    header: [Object: null prototype] {
      vary: 'Origin',
      'access-control-allow-origin': 'http://127.0.0.1:5500'
    },
    body: undefined
  },
  costTime: 0
}
[2022-01-07T15:12:46.607] [INFO] response - {
  method: 'POST',
  url: '/postReport',
  body: {},
  response: {
    status: 404,
    message: 'Not Found',
    header: [Object: null prototype] {
      vary: 'Origin',
      'access-control-allow-origin': 'http://127.0.0.1:5500'
    },
    body: undefined
  },
  costTime: 1
}
[2022-01-07T15:12:46.885] [INFO] response - {
  method: 'GET',
  url: '/succ',
  body: {},
  response: {
    status: 404,
    message: 'Not Found',
    header: [Object: null prototype] {
      vary: 'Origin',
      'access-control-allow-origin': 'http://127.0.0.1:5500'
    },
    body: undefined
  },
  costTime: 0
}
[2022-01-07T15:12:46.886] [INFO] response - {
  method: 'GET',
  url: '/failed',
  body: {},
  response: {
    status: 404,
    message: 'Not Found',
    header: [Object: null prototype] {
      vary: 'Origin',
      'access-control-allow-origin': 'http://127.0.0.1:5500'
    },
    body: undefined
  },
  costTime: 0
}
[2022-01-07T15:12:46.887] [INFO] response - {
  method: 'GET',
  url: '/server-err',
  body: {},
  response: {
    status: 404,
    message: 'Not Found',
    header: [Object: null prototype] {
      vary: 'Origin',
      'access-control-allow-origin': 'http://127.0.0.1:5500'
    },
    body: undefined
  },
  costTime: 0
}
[2022-01-07T15:12:46.890] [INFO] response - {
  method: 'GET',
  url: '/succ',
  body: {},
  response: {
    status: 404,
    message: 'Not Found',
    header: [Object: null prototype] {
      vary: 'Origin',
      'access-control-allow-origin': 'http://127.0.0.1:5500'
    },
    body: undefined
  },
  costTime: 1
}
[2022-01-07T15:12:46.890] [INFO] response - {
  method: 'POST',
  url: '/postReport',
  body: {},
  response: {
    status: 404,
    message: 'Not Found',
    header: [Object: null prototype] {
      vary: 'Origin',
      'access-control-allow-origin': 'http://127.0.0.1:5500'
    },
    body: undefined
  },
  costTime: 0
}
[2022-01-07T15:12:47.189] [INFO] response - {
  method: 'GET',
  url: '/succ',
  body: {},
  response: {
    status: 404,
    message: 'Not Found',
    header: [Object: null prototype] {
      vary: 'Origin',
      'access-control-allow-origin': 'http://127.0.0.1:5500'
    },
    body: undefined
  },
  costTime: 0
}
[2022-01-07T15:12:47.190] [INFO] response - {
  method: 'GET',
  url: '/failed',
  body: {},
  response: {
    status: 404,
    message: 'Not Found',
    header: [Object: null prototype] {
      vary: 'Origin',
      'access-control-allow-origin': 'http://127.0.0.1:5500'
    },
    body: undefined
  },
  costTime: 0
}
[2022-01-07T15:12:47.190] [INFO] response - {
  method: 'GET',
  url: '/server-err',
  body: {},
  response: {
    status: 404,
    message: 'Not Found',
    header: [Object: null prototype] {
      vary: 'Origin',
      'access-control-allow-origin': 'http://127.0.0.1:5500'
    },
    body: undefined
  },
  costTime: 0
}
[2022-01-07T15:12:47.192] [INFO] response - {
  method: 'GET',
  url: '/succ',
  body: {},
  response: {
    status: 404,
    message: 'Not Found',
    header: [Object: null prototype] {
      vary: 'Origin',
      'access-control-allow-origin': 'http://127.0.0.1:5500'
    },
    body: undefined
  },
  costTime: 1
}
[2022-01-07T15:12:47.192] [INFO] response - {
  method: 'POST',
  url: '/postReport',
  body: {},
  response: {
    status: 404,
    message: 'Not Found',
    header: [Object: null prototype] {
      vary: 'Origin',
      'access-control-allow-origin': 'http://127.0.0.1:5500'
    },
    body: undefined
  },
  costTime: 0
}
[2022-01-07T15:12:47.536] [INFO] response - {
  method: 'GET',
  url: '/succ',
  body: {},
  response: {
    status: 404,
    message: 'Not Found',
    header: [Object: null prototype] {
      vary: 'Origin',
      'access-control-allow-origin': 'http://127.0.0.1:5500'
    },
    body: undefined
  },
  costTime: 0
}
[2022-01-07T15:12:47.537] [INFO] response - {
  method: 'GET',
  url: '/failed',
  body: {},
  response: {
    status: 404,
    message: 'Not Found',
    header: [Object: null prototype] {
      vary: 'Origin',
      'access-control-allow-origin': 'http://127.0.0.1:5500'
    },
    body: undefined
  },
  costTime: 0
}
[2022-01-07T15:12:47.537] [INFO] response - {
  method: 'GET',
  url: '/server-err',
  body: {},
  response: {
    status: 404,
    message: 'Not Found',
    header: [Object: null prototype] {
      vary: 'Origin',
      'access-control-allow-origin': 'http://127.0.0.1:5500'
    },
    body: undefined
  },
  costTime: 0
}
[2022-01-07T15:12:47.538] [INFO] response - {
  method: 'GET',
  url: '/succ',
  body: {},
  response: {
    status: 404,
    message: 'Not Found',
    header: [Object: null prototype] {
      vary: 'Origin',
      'access-control-allow-origin': 'http://127.0.0.1:5500'
    },
    body: undefined
  },
  costTime: 0
}
[2022-01-07T15:12:47.539] [INFO] response - {
  method: 'POST',
  url: '/postReport',
  body: {},
  response: {
    status: 404,
    message: 'Not Found',
    header: [Object: null prototype] {
      vary: 'Origin',
      'access-control-allow-origin': 'http://127.0.0.1:5500'
    },
    body: undefined
  },
  costTime: 0
}
[2022-01-07T15:12:47.790] [INFO] response - {
  method: 'GET',
  url: '/succ',
  body: {},
  response: {
    status: 404,
    message: 'Not Found',
    header: [Object: null prototype] {
      vary: 'Origin',
      'access-control-allow-origin': 'http://127.0.0.1:5500'
    },
    body: undefined
  },
  costTime: 0
}
[2022-01-07T15:12:47.791] [INFO] response - {
  method: 'GET',
  url: '/failed',
  body: {},
  response: {
    status: 404,
    message: 'Not Found',
    header: [Object: null prototype] {
      vary: 'Origin',
      'access-control-allow-origin': 'http://127.0.0.1:5500'
    },
    body: undefined
  },
  costTime: 0
}
[2022-01-07T15:12:47.792] [INFO] response - {
  method: 'GET',
  url: '/server-err',
  body: {},
  response: {
    status: 404,
    message: 'Not Found',
    header: [Object: null prototype] {
      vary: 'Origin',
      'access-control-allow-origin': 'http://127.0.0.1:5500'
    },
    body: undefined
  },
  costTime: 0
}
[2022-01-07T15:12:47.793] [INFO] response - {
  method: 'GET',
  url: '/succ',
  body: {},
  response: {
    status: 404,
    message: 'Not Found',
    header: [Object: null prototype] {
      vary: 'Origin',
      'access-control-allow-origin': 'http://127.0.0.1:5500'
    },
    body: undefined
  },
  costTime: 0
}
[2022-01-07T15:12:47.793] [INFO] response - {
  method: 'POST',
  url: '/postReport',
  body: {},
  response: {
    status: 404,
    message: 'Not Found',
    header: [Object: null prototype] {
      vary: 'Origin',
      'access-control-allow-origin': 'http://127.0.0.1:5500'
    },
    body: undefined
  },
  costTime: 0
}
[2022-01-07T15:12:48.093] [INFO] response - {
  method: 'GET',
  url: '/succ',
  body: {},
  response: {
    status: 404,
    message: 'Not Found',
    header: [Object: null prototype] {
      vary: 'Origin',
      'access-control-allow-origin': 'http://127.0.0.1:5500'
    },
    body: undefined
  },
  costTime: 1
}
[2022-01-07T15:12:48.093] [INFO] response - {
  method: 'GET',
  url: '/failed',
  body: {},
  response: {
    status: 404,
    message: 'Not Found',
    header: [Object: null prototype] {
      vary: 'Origin',
      'access-control-allow-origin': 'http://127.0.0.1:5500'
    },
    body: undefined
  },
  costTime: 0
}
[2022-01-07T15:12:48.095] [INFO] response - {
  method: 'GET',
  url: '/server-err',
  body: {},
  response: {
    status: 404,
    message: 'Not Found',
    header: [Object: null prototype] {
      vary: 'Origin',
      'access-control-allow-origin': 'http://127.0.0.1:5500'
    },
    body: undefined
  },
  costTime: 0
}
[2022-01-07T15:12:48.096] [INFO] response - {
  method: 'GET',
  url: '/succ',
  body: {},
  response: {
    status: 404,
    message: 'Not Found',
    header: [Object: null prototype] {
      vary: 'Origin',
      'access-control-allow-origin': 'http://127.0.0.1:5500'
    },
    body: undefined
  },
  costTime: 1
}
[2022-01-07T15:12:48.096] [INFO] response - {
  method: 'POST',
  url: '/postReport',
  body: {},
  response: {
    status: 404,
    message: 'Not Found',
    header: [Object: null prototype] {
      vary: 'Origin',
      'access-control-allow-origin': 'http://127.0.0.1:5500'
    },
    body: undefined
  },
  costTime: 0
}
[2022-01-07T15:12:48.475] [INFO] response - {
  method: 'GET',
  url: '/succ',
  body: {},
  response: {
    status: 404,
    message: 'Not Found',
    header: [Object: null prototype] {
      vary: 'Origin',
      'access-control-allow-origin': 'http://127.0.0.1:5500'
    },
    body: undefined
  },
  costTime: 0
}
[2022-01-07T15:12:48.477] [INFO] response - {
  method: 'GET',
  url: '/failed',
  body: {},
  response: {
    status: 404,
    message: 'Not Found',
    header: [Object: null prototype] {
      vary: 'Origin',
      'access-control-allow-origin': 'http://127.0.0.1:5500'
    },
    body: undefined
  },
  costTime: 0
}
[2022-01-07T15:12:48.477] [INFO] response - {
  method: 'GET',
  url: '/server-err',
  body: {},
  response: {
    status: 404,
    message: 'Not Found',
    header: [Object: null prototype] {
      vary: 'Origin',
      'access-control-allow-origin': 'http://127.0.0.1:5500'
    },
    body: undefined
  },
  costTime: 0
}
[2022-01-07T15:12:48.479] [INFO] response - {
  method: 'GET',
  url: '/succ',
  body: {},
  response: {
    status: 404,
    message: 'Not Found',
    header: [Object: null prototype] {
      vary: 'Origin',
      'access-control-allow-origin': 'http://127.0.0.1:5500'
    },
    body: undefined
  },
  costTime: 0
}
[2022-01-07T15:12:48.480] [INFO] response - {
  method: 'POST',
  url: '/postReport',
  body: {},
  response: {
    status: 404,
    message: 'Not Found',
    header: [Object: null prototype] {
      vary: 'Origin',
      'access-control-allow-origin': 'http://127.0.0.1:5500'
    },
    body: undefined
  },
  costTime: 0
}
[2022-01-07T15:12:48.770] [INFO] response - {
  method: 'GET',
  url: '/succ',
  body: {},
  response: {
    status: 404,
    message: 'Not Found',
    header: [Object: null prototype] {
      vary: 'Origin',
      'access-control-allow-origin': 'http://127.0.0.1:5500'
    },
    body: undefined
  },
  costTime: 0
}
[2022-01-07T15:12:48.770] [INFO] response - {
  method: 'GET',
  url: '/failed',
  body: {},
  response: {
    status: 404,
    message: 'Not Found',
    header: [Object: null prototype] {
      vary: 'Origin',
      'access-control-allow-origin': 'http://127.0.0.1:5500'
    },
    body: undefined
  },
  costTime: 0
}
[2022-01-07T15:12:48.771] [INFO] response - {
  method: 'GET',
  url: '/server-err',
  body: {},
  response: {
    status: 404,
    message: 'Not Found',
    header: [Object: null prototype] {
      vary: 'Origin',
      'access-control-allow-origin': 'http://127.0.0.1:5500'
    },
    body: undefined
  },
  costTime: 0
}
[2022-01-07T15:12:48.771] [INFO] response - {
  method: 'GET',
  url: '/succ',
  body: {},
  response: {
    status: 404,
    message: 'Not Found',
    header: [Object: null prototype] {
      vary: 'Origin',
      'access-control-allow-origin': 'http://127.0.0.1:5500'
    },
    body: undefined
  },
  costTime: 0
}
[2022-01-07T15:12:48.772] [INFO] response - {
  method: 'POST',
  url: '/postReport',
  body: {},
  response: {
    status: 404,
    message: 'Not Found',
    header: [Object: null prototype] {
      vary: 'Origin',
      'access-control-allow-origin': 'http://127.0.0.1:5500'
    },
    body: undefined
  },
  costTime: 0
}
[2022-01-07T15:12:48.997] [INFO] response - {
  method: 'GET',
  url: '/succ',
  body: {},
  response: {
    status: 404,
    message: 'Not Found',
    header: [Object: null prototype] {
      vary: 'Origin',
      'access-control-allow-origin': 'http://127.0.0.1:5500'
    },
    body: undefined
  },
  costTime: 0
}
[2022-01-07T15:12:48.998] [INFO] response - {
  method: 'GET',
  url: '/failed',
  body: {},
  response: {
    status: 404,
    message: 'Not Found',
    header: [Object: null prototype] {
      vary: 'Origin',
      'access-control-allow-origin': 'http://127.0.0.1:5500'
    },
    body: undefined
  },
  costTime: 0
}
[2022-01-07T15:12:48.999] [INFO] response - {
  method: 'GET',
  url: '/server-err',
  body: {},
  response: {
    status: 404,
    message: 'Not Found',
    header: [Object: null prototype] {
      vary: 'Origin',
      'access-control-allow-origin': 'http://127.0.0.1:5500'
    },
    body: undefined
  },
  costTime: 0
}
[2022-01-07T15:12:49.000] [INFO] response - {
  method: 'GET',
  url: '/succ',
  body: {},
  response: {
    status: 404,
    message: 'Not Found',
    header: [Object: null prototype] {
      vary: 'Origin',
      'access-control-allow-origin': 'http://127.0.0.1:5500'
    },
    body: undefined
  },
  costTime: 0
}
[2022-01-07T15:12:49.001] [INFO] response - {
  method: 'POST',
  url: '/postReport',
  body: {},
  response: {
    status: 404,
    message: 'Not Found',
    header: [Object: null prototype] {
      vary: 'Origin',
      'access-control-allow-origin': 'http://127.0.0.1:5500'
    },
    body: undefined
  },
  costTime: 0
}
[2022-01-07T15:12:49.396] [INFO] response - {
  method: 'GET',
  url: '/succ',
  body: {},
  response: {
    status: 404,
    message: 'Not Found',
    header: [Object: null prototype] {
      vary: 'Origin',
      'access-control-allow-origin': 'http://127.0.0.1:5500'
    },
    body: undefined
  },
  costTime: 0
}
[2022-01-07T15:12:49.396] [INFO] response - {
  method: 'GET',
  url: '/failed',
  body: {},
  response: {
    status: 404,
    message: 'Not Found',
    header: [Object: null prototype] {
      vary: 'Origin',
      'access-control-allow-origin': 'http://127.0.0.1:5500'
    },
    body: undefined
  },
  costTime: 0
}
[2022-01-07T15:12:49.397] [INFO] response - {
  method: 'GET',
  url: '/server-err',
  body: {},
  response: {
    status: 404,
    message: 'Not Found',
    header: [Object: null prototype] {
      vary: 'Origin',
      'access-control-allow-origin': 'http://127.0.0.1:5500'
    },
    body: undefined
  },
  costTime: 0
}
[2022-01-07T15:12:49.397] [INFO] response - {
  method: 'GET',
  url: '/succ',
  body: {},
  response: {
    status: 404,
    message: 'Not Found',
    header: [Object: null prototype] {
      vary: 'Origin',
      'access-control-allow-origin': 'http://127.0.0.1:5500'
    },
    body: undefined
  },
  costTime: 0
}
[2022-01-07T15:12:49.398] [INFO] response - {
  method: 'POST',
  url: '/postReport',
  body: {},
  response: {
    status: 404,
    message: 'Not Found',
    header: [Object: null prototype] {
      vary: 'Origin',
      'access-control-allow-origin': 'http://127.0.0.1:5500'
    },
    body: undefined
  },
  costTime: 0
}
[2022-01-07T15:12:49.740] [INFO] response - {
  method: 'GET',
  url: '/succ',
  body: {},
  response: {
    status: 404,
    message: 'Not Found',
    header: [Object: null prototype] {
      vary: 'Origin',
      'access-control-allow-origin': 'http://127.0.0.1:5500'
    },
    body: undefined
  },
  costTime: 0
}
[2022-01-07T15:12:49.741] [INFO] response - {
  method: 'GET',
  url: '/failed',
  body: {},
  response: {
    status: 404,
    message: 'Not Found',
    header: [Object: null prototype] {
      vary: 'Origin',
      'access-control-allow-origin': 'http://127.0.0.1:5500'
    },
    body: undefined
  },
  costTime: 0
}
[2022-01-07T15:12:49.742] [INFO] response - {
  method: 'GET',
  url: '/server-err',
  body: {},
  response: {
    status: 404,
    message: 'Not Found',
    header: [Object: null prototype] {
      vary: 'Origin',
      'access-control-allow-origin': 'http://127.0.0.1:5500'
    },
    body: undefined
  },
  costTime: 0
}
[2022-01-07T15:12:49.743] [INFO] response - {
  method: 'GET',
  url: '/succ',
  body: {},
  response: {
    status: 404,
    message: 'Not Found',
    header: [Object: null prototype] {
      vary: 'Origin',
      'access-control-allow-origin': 'http://127.0.0.1:5500'
    },
    body: undefined
  },
  costTime: 0
}
[2022-01-07T15:12:49.744] [INFO] response - {
  method: 'POST',
  url: '/postReport',
  body: {},
  response: {
    status: 404,
    message: 'Not Found',
    header: [Object: null prototype] {
      vary: 'Origin',
      'access-control-allow-origin': 'http://127.0.0.1:5500'
    },
    body: undefined
  },
  costTime: 0
}
[2022-01-07T15:12:50.015] [INFO] response - {
  method: 'GET',
  url: '/succ',
  body: {},
  response: {
    status: 404,
    message: 'Not Found',
    header: [Object: null prototype] {
      vary: 'Origin',
      'access-control-allow-origin': 'http://127.0.0.1:5500'
    },
    body: undefined
  },
  costTime: 0
}
[2022-01-07T15:12:50.017] [INFO] response - {
  method: 'GET',
  url: '/failed',
  body: {},
  response: {
    status: 404,
    message: 'Not Found',
    header: [Object: null prototype] {
      vary: 'Origin',
      'access-control-allow-origin': 'http://127.0.0.1:5500'
    },
    body: undefined
  },
  costTime: 1
}
[2022-01-07T15:12:50.017] [INFO] response - {
  method: 'GET',
  url: '/server-err',
  body: {},
  response: {
    status: 404,
    message: 'Not Found',
    header: [Object: null prototype] {
      vary: 'Origin',
      'access-control-allow-origin': 'http://127.0.0.1:5500'
    },
    body: undefined
  },
  costTime: 0
}
[2022-01-07T15:12:50.018] [INFO] response - {
  method: 'GET',
  url: '/succ',
  body: {},
  response: {
    status: 404,
    message: 'Not Found',
    header: [Object: null prototype] {
      vary: 'Origin',
      'access-control-allow-origin': 'http://127.0.0.1:5500'
    },
    body: undefined
  },
  costTime: 0
}
[2022-01-07T15:12:50.019] [INFO] response - {
  method: 'POST',
  url: '/postReport',
  body: {},
  response: {
    status: 404,
    message: 'Not Found',
    header: [Object: null prototype] {
      vary: 'Origin',
      'access-control-allow-origin': 'http://127.0.0.1:5500'
    },
    body: undefined
  },
  costTime: 0
}
[2022-01-07T15:12:50.318] [INFO] response - {
  method: 'GET',
  url: '/succ',
  body: {},
  response: {
    status: 404,
    message: 'Not Found',
    header: [Object: null prototype] {
      vary: 'Origin',
      'access-control-allow-origin': 'http://127.0.0.1:5500'
    },
    body: undefined
  },
  costTime: 1
}
[2022-01-07T15:12:50.319] [INFO] response - {
  method: 'GET',
  url: '/failed',
  body: {},
  response: {
    status: 404,
    message: 'Not Found',
    header: [Object: null prototype] {
      vary: 'Origin',
      'access-control-allow-origin': 'http://127.0.0.1:5500'
    },
    body: undefined
  },
  costTime: 0
}
[2022-01-07T15:12:50.320] [INFO] response - {
  method: 'GET',
  url: '/server-err',
  body: {},
  response: {
    status: 404,
    message: 'Not Found',
    header: [Object: null prototype] {
      vary: 'Origin',
      'access-control-allow-origin': 'http://127.0.0.1:5500'
    },
    body: undefined
  },
  costTime: 0
}
[2022-01-07T15:12:50.320] [INFO] response - {
  method: 'GET',
  url: '/succ',
  body: {},
  response: {
    status: 404,
    message: 'Not Found',
    header: [Object: null prototype] {
      vary: 'Origin',
      'access-control-allow-origin': 'http://127.0.0.1:5500'
    },
    body: undefined
  },
  costTime: 0
}
[2022-01-07T15:12:50.321] [INFO] response - {
  method: 'POST',
  url: '/postReport',
  body: {},
  response: {
    status: 404,
    message: 'Not Found',
    header: [Object: null prototype] {
      vary: 'Origin',
      'access-control-allow-origin': 'http://127.0.0.1:5500'
    },
    body: undefined
  },
  costTime: 0
}
[2022-01-07T15:12:50.625] [INFO] response - {
  method: 'GET',
  url: '/succ',
  body: {},
  response: {
    status: 404,
    message: 'Not Found',
    header: [Object: null prototype] {
      vary: 'Origin',
      'access-control-allow-origin': 'http://127.0.0.1:5500'
    },
    body: undefined
  },
  costTime: 0
}
[2022-01-07T15:12:50.626] [INFO] response - {
  method: 'GET',
  url: '/failed',
  body: {},
  response: {
    status: 404,
    message: 'Not Found',
    header: [Object: null prototype] {
      vary: 'Origin',
      'access-control-allow-origin': 'http://127.0.0.1:5500'
    },
    body: undefined
  },
  costTime: 1
}
[2022-01-07T15:12:50.627] [INFO] response - {
  method: 'GET',
  url: '/server-err',
  body: {},
  response: {
    status: 404,
    message: 'Not Found',
    header: [Object: null prototype] {
      vary: 'Origin',
      'access-control-allow-origin': 'http://127.0.0.1:5500'
    },
    body: undefined
  },
  costTime: 0
}
[2022-01-07T15:12:50.628] [INFO] response - {
  method: 'GET',
  url: '/succ',
  body: {},
  response: {
    status: 404,
    message: 'Not Found',
    header: [Object: null prototype] {
      vary: 'Origin',
      'access-control-allow-origin': 'http://127.0.0.1:5500'
    },
    body: undefined
  },
  costTime: 0
}
[2022-01-07T15:12:50.629] [INFO] response - {
  method: 'POST',
  url: '/postReport',
  body: {},
  response: {
    status: 404,
    message: 'Not Found',
    header: [Object: null prototype] {
      vary: 'Origin',
      'access-control-allow-origin': 'http://127.0.0.1:5500'
    },
    body: undefined
  },
  costTime: 0
}
[2022-01-07T15:12:50.995] [INFO] response - {
  method: 'GET',
  url: '/succ',
  body: {},
  response: {
    status: 404,
    message: 'Not Found',
    header: [Object: null prototype] {
      vary: 'Origin',
      'access-control-allow-origin': 'http://127.0.0.1:5500'
    },
    body: undefined
  },
  costTime: 0
}
[2022-01-07T15:12:50.996] [INFO] response - {
  method: 'GET',
  url: '/failed',
  body: {},
  response: {
    status: 404,
    message: 'Not Found',
    header: [Object: null prototype] {
      vary: 'Origin',
      'access-control-allow-origin': 'http://127.0.0.1:5500'
    },
    body: undefined
  },
  costTime: 0
}
[2022-01-07T15:12:50.996] [INFO] response - {
  method: 'GET',
  url: '/server-err',
  body: {},
  response: {
    status: 404,
    message: 'Not Found',
    header: [Object: null prototype] {
      vary: 'Origin',
      'access-control-allow-origin': 'http://127.0.0.1:5500'
    },
    body: undefined
  },
  costTime: 0
}
[2022-01-07T15:12:50.997] [INFO] response - {
  method: 'POST',
  url: '/postReport',
  body: {},
  response: {
    status: 404,
    message: 'Not Found',
    header: [Object: null prototype] {
      vary: 'Origin',
      'access-control-allow-origin': 'http://127.0.0.1:5500'
    },
    body: undefined
  },
  costTime: 1
}
[2022-01-07T15:12:50.997] [INFO] response - {
  method: 'GET',
  url: '/succ',
  body: {},
  response: {
    status: 404,
    message: 'Not Found',
    header: [Object: null prototype] {
      vary: 'Origin',
      'access-control-allow-origin': 'http://127.0.0.1:5500'
    },
    body: undefined
  },
  costTime: 0
}
[2022-01-07T15:12:51.253] [INFO] response - {
  method: 'GET',
  url: '/succ',
  body: {},
  response: {
    status: 404,
    message: 'Not Found',
    header: [Object: null prototype] {
      vary: 'Origin',
      'access-control-allow-origin': 'http://127.0.0.1:5500'
    },
    body: undefined
  },
  costTime: 0
}
[2022-01-07T15:12:51.255] [INFO] response - {
  method: 'GET',
  url: '/failed',
  body: {},
  response: {
    status: 404,
    message: 'Not Found',
    header: [Object: null prototype] {
      vary: 'Origin',
      'access-control-allow-origin': 'http://127.0.0.1:5500'
    },
    body: undefined
  },
  costTime: 0
}
[2022-01-07T15:12:51.256] [INFO] response - {
  method: 'GET',
  url: '/server-err',
  body: {},
  response: {
    status: 404,
    message: 'Not Found',
    header: [Object: null prototype] {
      vary: 'Origin',
      'access-control-allow-origin': 'http://127.0.0.1:5500'
    },
    body: undefined
  },
  costTime: 0
}
[2022-01-07T15:12:51.256] [INFO] response - {
  method: 'GET',
  url: '/succ',
  body: {},
  response: {
    status: 404,
    message: 'Not Found',
    header: [Object: null prototype] {
      vary: 'Origin',
      'access-control-allow-origin': 'http://127.0.0.1:5500'
    },
    body: undefined
  },
  costTime: 0
}
[2022-01-07T15:12:51.257] [INFO] response - {
  method: 'POST',
  url: '/postReport',
  body: {},
  response: {
    status: 404,
    message: 'Not Found',
    header: [Object: null prototype] {
      vary: 'Origin',
      'access-control-allow-origin': 'http://127.0.0.1:5500'
    },
    body: undefined
  },
  costTime: 0
}
[2022-01-07T15:12:51.553] [INFO] response - {
  method: 'GET',
  url: '/succ',
  body: {},
  response: {
    status: 404,
    message: 'Not Found',
    header: [Object: null prototype] {
      vary: 'Origin',
      'access-control-allow-origin': 'http://127.0.0.1:5500'
    },
    body: undefined
  },
  costTime: 0
}
[2022-01-07T15:12:51.554] [INFO] response - {
  method: 'GET',
  url: '/failed',
  body: {},
  response: {
    status: 404,
    message: 'Not Found',
    header: [Object: null prototype] {
      vary: 'Origin',
      'access-control-allow-origin': 'http://127.0.0.1:5500'
    },
    body: undefined
  },
  costTime: 0
}
[2022-01-07T15:12:51.557] [INFO] response - {
  method: 'GET',
  url: '/server-err',
  body: {},
  response: {
    status: 404,
    message: 'Not Found',
    header: [Object: null prototype] {
      vary: 'Origin',
      'access-control-allow-origin': 'http://127.0.0.1:5500'
    },
    body: undefined
  },
  costTime: 0
}
[2022-01-07T15:12:51.557] [INFO] response - {
  method: 'GET',
  url: '/succ',
  body: {},
  response: {
    status: 404,
    message: 'Not Found',
    header: [Object: null prototype] {
      vary: 'Origin',
      'access-control-allow-origin': 'http://127.0.0.1:5500'
    },
    body: undefined
  },
  costTime: 0
}
[2022-01-07T15:12:51.558] [INFO] response - {
  method: 'POST',
  url: '/postReport',
  body: {},
  response: {
    status: 404,
    message: 'Not Found',
    header: [Object: null prototype] {
      vary: 'Origin',
      'access-control-allow-origin': 'http://127.0.0.1:5500'
    },
    body: undefined
  },
  costTime: 0
}
[2022-01-07T15:12:51.874] [INFO] response - {
  method: 'GET',
  url: '/succ',
  body: {},
  response: {
    status: 404,
    message: 'Not Found',
    header: [Object: null prototype] {
      vary: 'Origin',
      'access-control-allow-origin': 'http://127.0.0.1:5500'
    },
    body: undefined
  },
  costTime: 0
}
[2022-01-07T15:12:51.874] [INFO] response - {
  method: 'GET',
  url: '/failed',
  body: {},
  response: {
    status: 404,
    message: 'Not Found',
    header: [Object: null prototype] {
      vary: 'Origin',
      'access-control-allow-origin': 'http://127.0.0.1:5500'
    },
    body: undefined
  },
  costTime: 0
}
[2022-01-07T15:12:51.875] [INFO] response - {
  method: 'GET',
  url: '/server-err',
  body: {},
  response: {
    status: 404,
    message: 'Not Found',
    header: [Object: null prototype] {
      vary: 'Origin',
      'access-control-allow-origin': 'http://127.0.0.1:5500'
    },
    body: undefined
  },
  costTime: 0
}
[2022-01-07T15:12:51.877] [INFO] response - {
  method: 'GET',
  url: '/succ',
  body: {},
  response: {
    status: 404,
    message: 'Not Found',
    header: [Object: null prototype] {
      vary: 'Origin',
      'access-control-allow-origin': 'http://127.0.0.1:5500'
    },
    body: undefined
  },
  costTime: 1
}
[2022-01-07T15:12:51.877] [INFO] response - {
  method: 'POST',
  url: '/postReport',
  body: {},
  response: {
    status: 404,
    message: 'Not Found',
    header: [Object: null prototype] {
      vary: 'Origin',
      'access-control-allow-origin': 'http://127.0.0.1:5500'
    },
    body: undefined
  },
  costTime: 0
}
[2022-01-07T15:12:52.163] [INFO] response - {
  method: 'GET',
  url: '/succ',
  body: {},
  response: {
    status: 404,
    message: 'Not Found',
    header: [Object: null prototype] {
      vary: 'Origin',
      'access-control-allow-origin': 'http://127.0.0.1:5500'
    },
    body: undefined
  },
  costTime: 0
}
[2022-01-07T15:12:52.165] [INFO] response - {
  method: 'GET',
  url: '/failed',
  body: {},
  response: {
    status: 404,
    message: 'Not Found',
    header: [Object: null prototype] {
      vary: 'Origin',
      'access-control-allow-origin': 'http://127.0.0.1:5500'
    },
    body: undefined
  },
  costTime: 0
}
[2022-01-07T15:12:52.166] [INFO] response - {
  method: 'GET',
  url: '/server-err',
  body: {},
  response: {
    status: 404,
    message: 'Not Found',
    header: [Object: null prototype] {
      vary: 'Origin',
      'access-control-allow-origin': 'http://127.0.0.1:5500'
    },
    body: undefined
  },
  costTime: 0
}
[2022-01-07T15:12:52.167] [INFO] response - {
  method: 'POST',
  url: '/postReport',
  body: {},
  response: {
    status: 404,
    message: 'Not Found',
    header: [Object: null prototype] {
      vary: 'Origin',
      'access-control-allow-origin': 'http://127.0.0.1:5500'
    },
    body: undefined
  },
  costTime: 0
}
[2022-01-07T15:12:52.168] [INFO] response - {
  method: 'GET',
  url: '/succ',
  body: {},
  response: {
    status: 404,
    message: 'Not Found',
    header: [Object: null prototype] {
      vary: 'Origin',
      'access-control-allow-origin': 'http://127.0.0.1:5500'
    },
    body: undefined
  },
  costTime: 0
}
[2022-01-07T15:12:52.549] [INFO] response - {
  method: 'GET',
  url: '/succ',
  body: {},
  response: {
    status: 404,
    message: 'Not Found',
    header: [Object: null prototype] {
      vary: 'Origin',
      'access-control-allow-origin': 'http://127.0.0.1:5500'
    },
    body: undefined
  },
  costTime: 0
}
[2022-01-07T15:12:52.550] [INFO] response - {
  method: 'GET',
  url: '/failed',
  body: {},
  response: {
    status: 404,
    message: 'Not Found',
    header: [Object: null prototype] {
      vary: 'Origin',
      'access-control-allow-origin': 'http://127.0.0.1:5500'
    },
    body: undefined
  },
  costTime: 0
}
[2022-01-07T15:12:52.550] [INFO] response - {
  method: 'GET',
  url: '/server-err',
  body: {},
  response: {
    status: 404,
    message: 'Not Found',
    header: [Object: null prototype] {
      vary: 'Origin',
      'access-control-allow-origin': 'http://127.0.0.1:5500'
    },
    body: undefined
  },
  costTime: 0
}
[2022-01-07T15:12:52.551] [INFO] response - {
  method: 'POST',
  url: '/postReport',
  body: {},
  response: {
    status: 404,
    message: 'Not Found',
    header: [Object: null prototype] {
      vary: 'Origin',
      'access-control-allow-origin': 'http://127.0.0.1:5500'
    },
    body: undefined
  },
  costTime: 0
}
[2022-01-07T15:12:52.551] [INFO] response - {
  method: 'GET',
  url: '/succ',
  body: {},
  response: {
    status: 404,
    message: 'Not Found',
    header: [Object: null prototype] {
      vary: 'Origin',
      'access-control-allow-origin': 'http://127.0.0.1:5500'
    },
    body: undefined
  },
  costTime: 0
}
[2022-01-07T15:12:52.767] [INFO] response - {
  method: 'GET',
  url: '/succ',
  body: {},
  response: {
    status: 404,
    message: 'Not Found',
    header: [Object: null prototype] {
      vary: 'Origin',
      'access-control-allow-origin': 'http://127.0.0.1:5500'
    },
    body: undefined
  },
  costTime: 0
}
[2022-01-07T15:12:52.768] [INFO] response - {
  method: 'GET',
  url: '/failed',
  body: {},
  response: {
    status: 404,
    message: 'Not Found',
    header: [Object: null prototype] {
      vary: 'Origin',
      'access-control-allow-origin': 'http://127.0.0.1:5500'
    },
    body: undefined
  },
  costTime: 0
}
[2022-01-07T15:12:52.768] [INFO] response - {
  method: 'GET',
  url: '/server-err',
  body: {},
  response: {
    status: 404,
    message: 'Not Found',
    header: [Object: null prototype] {
      vary: 'Origin',
      'access-control-allow-origin': 'http://127.0.0.1:5500'
    },
    body: undefined
  },
  costTime: 0
}
[2022-01-07T15:12:52.769] [INFO] response - {
  method: 'GET',
  url: '/succ',
  body: {},
  response: {
    status: 404,
    message: 'Not Found',
    header: [Object: null prototype] {
      vary: 'Origin',
      'access-control-allow-origin': 'http://127.0.0.1:5500'
    },
    body: undefined
  },
  costTime: 0
}
[2022-01-07T15:12:52.769] [INFO] response - {
  method: 'POST',
  url: '/postReport',
  body: {},
  response: {
    status: 404,
    message: 'Not Found',
    header: [Object: null prototype] {
      vary: 'Origin',
      'access-control-allow-origin': 'http://127.0.0.1:5500'
    },
    body: undefined
  },
  costTime: 0
}
[2022-01-07T15:15:28.265] [INFO] response - {
  method: 'GET',
  url: '/succ',
  body: {},
  response: {
    status: 404,
    message: 'Not Found',
    header: [Object: null prototype] {
      vary: 'Origin',
      'access-control-allow-origin': 'http://127.0.0.1:5500'
    },
    body: undefined
  },
  costTime: 1
}
[2022-01-07T15:15:28.268] [INFO] response - {
  method: 'GET',
  url: '/failed',
  body: {},
  response: {
    status: 404,
    message: 'Not Found',
    header: [Object: null prototype] {
      vary: 'Origin',
      'access-control-allow-origin': 'http://127.0.0.1:5500'
    },
    body: undefined
  },
  costTime: 0
}
[2022-01-07T15:15:28.272] [INFO] response - {
  method: 'POST',
  url: '/postReport',
  body: {},
  response: {
    status: 404,
    message: 'Not Found',
    header: [Object: null prototype] {
      vary: 'Origin',
      'access-control-allow-origin': 'http://127.0.0.1:5500'
    },
    body: undefined
  },
  costTime: 0
}
[2022-01-07T15:15:28.272] [INFO] response - {
  method: 'GET',
  url: '/succ',
  body: {},
  response: {
    status: 404,
    message: 'Not Found',
    header: [Object: null prototype] {
      vary: 'Origin',
      'access-control-allow-origin': 'http://127.0.0.1:5500'
    },
    body: undefined
  },
  costTime: 0
}
[2022-01-07T15:15:28.273] [INFO] response - {
  method: 'GET',
  url: '/server-err',
  body: {},
  response: {
    status: 404,
    message: 'Not Found',
    header: [Object: null prototype] {
      vary: 'Origin',
      'access-control-allow-origin': 'http://127.0.0.1:5500'
    },
    body: undefined
  },
  costTime: 0
}
[2022-01-07T15:15:29.026] [INFO] response - {
  method: 'GET',
  url: '/succ',
  body: {},
  response: {
    status: 404,
    message: 'Not Found',
    header: [Object: null prototype] {
      vary: 'Origin',
      'access-control-allow-origin': 'http://127.0.0.1:5500'
    },
    body: undefined
  },
  costTime: 0
}
[2022-01-07T15:15:29.027] [INFO] response - {
  method: 'GET',
  url: '/failed',
  body: {},
  response: {
    status: 404,
    message: 'Not Found',
    header: [Object: null prototype] {
      vary: 'Origin',
      'access-control-allow-origin': 'http://127.0.0.1:5500'
    },
    body: undefined
  },
  costTime: 0
}
[2022-01-07T15:15:29.029] [INFO] response - {
  method: 'GET',
  url: '/server-err',
  body: {},
  response: {
    status: 404,
    message: 'Not Found',
    header: [Object: null prototype] {
      vary: 'Origin',
      'access-control-allow-origin': 'http://127.0.0.1:5500'
    },
    body: undefined
  },
  costTime: 0
}
[2022-01-07T15:15:29.031] [INFO] response - {
  method: 'GET',
  url: '/succ',
  body: {},
  response: {
    status: 404,
    message: 'Not Found',
    header: [Object: null prototype] {
      vary: 'Origin',
      'access-control-allow-origin': 'http://127.0.0.1:5500'
    },
    body: undefined
  },
  costTime: 0
}
[2022-01-07T15:15:29.033] [INFO] response - {
  method: 'POST',
  url: '/postReport',
  body: {},
  response: {
    status: 404,
    message: 'Not Found',
    header: [Object: null prototype] {
      vary: 'Origin',
      'access-control-allow-origin': 'http://127.0.0.1:5500'
    },
    body: undefined
  },
  costTime: 0
}
[2022-01-07T15:15:29.602] [INFO] response - {
  method: 'GET',
  url: '/succ',
  body: {},
  response: {
    status: 404,
    message: 'Not Found',
    header: [Object: null prototype] {
      vary: 'Origin',
      'access-control-allow-origin': 'http://127.0.0.1:5500'
    },
    body: undefined
  },
  costTime: 0
}
[2022-01-07T15:15:29.603] [INFO] response - {
  method: 'GET',
  url: '/failed',
  body: {},
  response: {
    status: 404,
    message: 'Not Found',
    header: [Object: null prototype] {
      vary: 'Origin',
      'access-control-allow-origin': 'http://127.0.0.1:5500'
    },
    body: undefined
  },
  costTime: 0
}
[2022-01-07T15:15:29.604] [INFO] response - {
  method: 'GET',
  url: '/server-err',
  body: {},
  response: {
    status: 404,
    message: 'Not Found',
    header: [Object: null prototype] {
      vary: 'Origin',
      'access-control-allow-origin': 'http://127.0.0.1:5500'
    },
    body: undefined
  },
  costTime: 1
}
[2022-01-07T15:15:29.605] [INFO] response - {
  method: 'GET',
  url: '/succ',
  body: {},
  response: {
    status: 404,
    message: 'Not Found',
    header: [Object: null prototype] {
      vary: 'Origin',
      'access-control-allow-origin': 'http://127.0.0.1:5500'
    },
    body: undefined
  },
  costTime: 0
}
[2022-01-07T15:15:29.611] [INFO] response - {
  method: 'POST',
  url: '/postReport',
  body: {},
  response: {
    status: 404,
    message: 'Not Found',
    header: [Object: null prototype] {
      vary: 'Origin',
      'access-control-allow-origin': 'http://127.0.0.1:5500'
    },
    body: undefined
  },
  costTime: 0
}
[2022-01-07T15:15:30.218] [INFO] response - {
  method: 'GET',
  url: '/succ',
  body: {},
  response: {
    status: 404,
    message: 'Not Found',
    header: [Object: null prototype] {
      vary: 'Origin',
      'access-control-allow-origin': 'http://127.0.0.1:5500'
    },
    body: undefined
  },
  costTime: 0
}
[2022-01-07T15:15:30.219] [INFO] response - {
  method: 'GET',
  url: '/failed',
  body: {},
  response: {
    status: 404,
    message: 'Not Found',
    header: [Object: null prototype] {
      vary: 'Origin',
      'access-control-allow-origin': 'http://127.0.0.1:5500'
    },
    body: undefined
  },
  costTime: 0
}
[2022-01-07T15:15:30.221] [INFO] response - {
  method: 'GET',
  url: '/server-err',
  body: {},
  response: {
    status: 404,
    message: 'Not Found',
    header: [Object: null prototype] {
      vary: 'Origin',
      'access-control-allow-origin': 'http://127.0.0.1:5500'
    },
    body: undefined
  },
  costTime: 0
}
[2022-01-07T15:15:30.223] [INFO] response - {
  method: 'POST',
  url: '/postReport',
  body: {},
  response: {
    status: 404,
    message: 'Not Found',
    header: [Object: null prototype] {
      vary: 'Origin',
      'access-control-allow-origin': 'http://127.0.0.1:5500'
    },
    body: undefined
  },
  costTime: 0
}
[2022-01-07T15:15:30.224] [INFO] response - {
  method: 'GET',
  url: '/succ',
  body: {},
  response: {
    status: 404,
    message: 'Not Found',
    header: [Object: null prototype] {
      vary: 'Origin',
      'access-control-allow-origin': 'http://127.0.0.1:5500'
    },
    body: undefined
  },
  costTime: 0
}
[2022-01-07T15:15:30.827] [INFO] response - {
  method: 'GET',
  url: '/succ',
  body: {},
  response: {
    status: 404,
    message: 'Not Found',
    header: [Object: null prototype] {
      vary: 'Origin',
      'access-control-allow-origin': 'http://127.0.0.1:5500'
    },
    body: undefined
  },
  costTime: 0
}
[2022-01-07T15:15:30.828] [INFO] response - {
  method: 'GET',
  url: '/failed',
  body: {},
  response: {
    status: 404,
    message: 'Not Found',
    header: [Object: null prototype] {
      vary: 'Origin',
      'access-control-allow-origin': 'http://127.0.0.1:5500'
    },
    body: undefined
  },
  costTime: 0
}
[2022-01-07T15:15:31.623] [INFO] response - {
  method: 'GET',
  url: '/succ',
  body: {},
  response: {
    status: 404,
    message: 'Not Found',
    header: [Object: null prototype] {
      vary: 'Origin',
      'access-control-allow-origin': 'http://127.0.0.1:5500'
    },
    body: undefined
  },
  costTime: 0
}
[2022-01-07T15:15:31.624] [INFO] response - {
  method: 'GET',
  url: '/failed',
  body: {},
  response: {
    status: 404,
    message: 'Not Found',
    header: [Object: null prototype] {
      vary: 'Origin',
      'access-control-allow-origin': 'http://127.0.0.1:5500'
    },
    body: undefined
  },
  costTime: 0
}
[2022-01-07T15:15:31.626] [INFO] response - {
  method: 'GET',
  url: '/server-err',
  body: {},
  response: {
    status: 404,
    message: 'Not Found',
    header: [Object: null prototype] {
      vary: 'Origin',
      'access-control-allow-origin': 'http://127.0.0.1:5500'
    },
    body: undefined
  },
  costTime: 0
}
[2022-01-07T15:15:31.628] [INFO] response - {
  method: 'GET',
  url: '/succ',
  body: {},
  response: {
    status: 404,
    message: 'Not Found',
    header: [Object: null prototype] {
      vary: 'Origin',
      'access-control-allow-origin': 'http://127.0.0.1:5500'
    },
    body: undefined
  },
  costTime: 0
}
[2022-01-07T15:15:31.630] [INFO] response - {
  method: 'POST',
  url: '/postReport',
  body: {},
  response: {
    status: 404,
    message: 'Not Found',
    header: [Object: null prototype] {
      vary: 'Origin',
      'access-control-allow-origin': 'http://127.0.0.1:5500'
    },
    body: undefined
  },
  costTime: 0
}
[2022-01-07T15:15:32.458] [INFO] response - {
  method: 'GET',
  url: '/succ',
  body: {},
  response: {
    status: 404,
    message: 'Not Found',
    header: [Object: null prototype] {
      vary: 'Origin',
      'access-control-allow-origin': 'http://127.0.0.1:5500'
    },
    body: undefined
  },
  costTime: 0
}
[2022-01-07T15:15:32.459] [INFO] response - {
  method: 'GET',
  url: '/failed',
  body: {},
  response: {
    status: 404,
    message: 'Not Found',
    header: [Object: null prototype] {
      vary: 'Origin',
      'access-control-allow-origin': 'http://127.0.0.1:5500'
    },
    body: undefined
  },
  costTime: 0
}
[2022-01-07T15:15:32.461] [INFO] response - {
  method: 'GET',
  url: '/server-err',
  body: {},
  response: {
    status: 404,
    message: 'Not Found',
    header: [Object: null prototype] {
      vary: 'Origin',
      'access-control-allow-origin': 'http://127.0.0.1:5500'
    },
    body: undefined
  },
  costTime: 0
}
[2022-01-07T15:15:32.463] [INFO] response - {
  method: 'GET',
  url: '/succ',
  body: {},
  response: {
    status: 404,
    message: 'Not Found',
    header: [Object: null prototype] {
      vary: 'Origin',
      'access-control-allow-origin': 'http://127.0.0.1:5500'
    },
    body: undefined
  },
  costTime: 0
}
[2022-01-07T15:15:32.464] [INFO] response - {
  method: 'POST',
  url: '/postReport',
  body: {},
  response: {
    status: 404,
    message: 'Not Found',
    header: [Object: null prototype] {
      vary: 'Origin',
      'access-control-allow-origin': 'http://127.0.0.1:5500'
    },
    body: undefined
  },
  costTime: 0
}
[2022-01-07T15:15:33.384] [INFO] response - {
  method: 'GET',
  url: '/succ',
  body: {},
  response: {
    status: 404,
    message: 'Not Found',
    header: [Object: null prototype] {
      vary: 'Origin',
      'access-control-allow-origin': 'http://127.0.0.1:5500'
    },
    body: undefined
  },
  costTime: 1
}
[2022-01-07T15:15:33.386] [INFO] response - {
  method: 'GET',
  url: '/failed',
  body: {},
  response: {
    status: 404,
    message: 'Not Found',
    header: [Object: null prototype] {
      vary: 'Origin',
      'access-control-allow-origin': 'http://127.0.0.1:5500'
    },
    body: undefined
  },
  costTime: 0
}
[2022-01-07T15:15:33.388] [INFO] response - {
  method: 'GET',
  url: '/succ',
  body: {},
  response: {
    status: 404,
    message: 'Not Found',
    header: [Object: null prototype] {
      vary: 'Origin',
      'access-control-allow-origin': 'http://127.0.0.1:5500'
    },
    body: undefined
  },
  costTime: 0
}
[2022-01-07T15:15:33.388] [INFO] response - {
  method: 'POST',
  url: '/postReport',
  body: {},
  response: {
    status: 404,
    message: 'Not Found',
    header: [Object: null prototype] {
      vary: 'Origin',
      'access-control-allow-origin': 'http://127.0.0.1:5500'
    },
    body: undefined
  },
  costTime: 0
}
[2022-01-07T15:15:33.389] [INFO] response - {
  method: 'GET',
  url: '/server-err',
  body: {},
  response: {
    status: 404,
    message: 'Not Found',
    header: [Object: null prototype] {
      vary: 'Origin',
      'access-control-allow-origin': 'http://127.0.0.1:5500'
    },
    body: undefined
  },
  costTime: 0
}
[2022-01-07T15:21:20.412] [INFO] response - {
  method: 'GET',
  url: '/succ',
  body: {},
  response: {
    status: 404,
    message: 'Not Found',
    header: [Object: null prototype] {
      vary: 'Origin',
      'access-control-allow-origin': 'http://127.0.0.1:5500'
    },
    body: undefined
  },
  costTime: 0
}
[2022-01-07T15:21:20.413] [INFO] response - {
  method: 'GET',
  url: '/failed',
  body: {},
  response: {
    status: 404,
    message: 'Not Found',
    header: [Object: null prototype] {
      vary: 'Origin',
      'access-control-allow-origin': 'http://127.0.0.1:5500'
    },
    body: undefined
  },
  costTime: 0
}
[2022-01-07T15:21:20.414] [INFO] response - {
  method: 'GET',
  url: '/server-err',
  body: {},
  response: {
    status: 404,
    message: 'Not Found',
    header: [Object: null prototype] {
      vary: 'Origin',
      'access-control-allow-origin': 'http://127.0.0.1:5500'
    },
    body: undefined
  },
  costTime: 1
}
[2022-01-07T15:21:20.414] [INFO] response - {
  method: 'GET',
  url: '/succ',
  body: {},
  response: {
    status: 404,
    message: 'Not Found',
    header: [Object: null prototype] {
      vary: 'Origin',
      'access-control-allow-origin': 'http://127.0.0.1:5500'
    },
    body: undefined
  },
  costTime: 0
}
[2022-01-07T15:21:20.416] [INFO] response - {
  method: 'POST',
  url: '/postReport',
  body: {},
  response: {
    status: 404,
    message: 'Not Found',
    header: [Object: null prototype] {
      vary: 'Origin',
      'access-control-allow-origin': 'http://127.0.0.1:5500'
    },
    body: undefined
  },
  costTime: 1
}
[2022-01-07T15:21:20.728] [INFO] response - {
  method: 'GET',
  url: '/succ',
  body: {},
  response: {
    status: 404,
    message: 'Not Found',
    header: [Object: null prototype] {
      vary: 'Origin',
      'access-control-allow-origin': 'http://127.0.0.1:5500'
    },
    body: undefined
  },
  costTime: 0
}
[2022-01-07T15:21:20.730] [INFO] response - {
  method: 'GET',
  url: '/failed',
  body: {},
  response: {
    status: 404,
    message: 'Not Found',
    header: [Object: null prototype] {
      vary: 'Origin',
      'access-control-allow-origin': 'http://127.0.0.1:5500'
    },
    body: undefined
  },
  costTime: 1
}
[2022-01-07T15:21:20.731] [INFO] response - {
  method: 'GET',
  url: '/server-err',
  body: {},
  response: {
    status: 404,
    message: 'Not Found',
    header: [Object: null prototype] {
      vary: 'Origin',
      'access-control-allow-origin': 'http://127.0.0.1:5500'
    },
    body: undefined
  },
  costTime: 0
}
[2022-01-07T15:21:20.732] [INFO] response - {
  method: 'GET',
  url: '/succ',
  body: {},
  response: {
    status: 404,
    message: 'Not Found',
    header: [Object: null prototype] {
      vary: 'Origin',
      'access-control-allow-origin': 'http://127.0.0.1:5500'
    },
    body: undefined
  },
  costTime: 0
}
[2022-01-07T15:21:20.734] [INFO] response - {
  method: 'POST',
  url: '/postReport',
  body: {},
  response: {
    status: 404,
    message: 'Not Found',
    header: [Object: null prototype] {
      vary: 'Origin',
      'access-control-allow-origin': 'http://127.0.0.1:5500'
    },
    body: undefined
  },
  costTime: 1
}
[2022-01-07T15:21:21.024] [INFO] response - {
  method: 'GET',
  url: '/succ',
  body: {},
  response: {
    status: 404,
    message: 'Not Found',
    header: [Object: null prototype] {
      vary: 'Origin',
      'access-control-allow-origin': 'http://127.0.0.1:5500'
    },
    body: undefined
  },
  costTime: 0
}
[2022-01-07T15:21:21.025] [INFO] response - {
  method: 'GET',
  url: '/failed',
  body: {},
  response: {
    status: 404,
    message: 'Not Found',
    header: [Object: null prototype] {
      vary: 'Origin',
      'access-control-allow-origin': 'http://127.0.0.1:5500'
    },
    body: undefined
  },
  costTime: 0
}
[2022-01-07T15:21:21.026] [INFO] response - {
  method: 'GET',
  url: '/server-err',
  body: {},
  response: {
    status: 404,
    message: 'Not Found',
    header: [Object: null prototype] {
      vary: 'Origin',
      'access-control-allow-origin': 'http://127.0.0.1:5500'
    },
    body: undefined
  },
  costTime: 0
}
[2022-01-07T15:21:21.028] [INFO] response - {
  method: 'GET',
  url: '/succ',
  body: {},
  response: {
    status: 404,
    message: 'Not Found',
    header: [Object: null prototype] {
      vary: 'Origin',
      'access-control-allow-origin': 'http://127.0.0.1:5500'
    },
    body: undefined
  },
  costTime: 1
}
[2022-01-07T15:21:21.028] [INFO] response - {
  method: 'POST',
  url: '/postReport',
  body: {},
  response: {
    status: 404,
    message: 'Not Found',
    header: [Object: null prototype] {
      vary: 'Origin',
      'access-control-allow-origin': 'http://127.0.0.1:5500'
    },
    body: undefined
  },
  costTime: 0
}
[2022-01-07T15:21:21.326] [INFO] response - {
  method: 'GET',
  url: '/succ',
  body: {},
  response: {
    status: 404,
    message: 'Not Found',
    header: [Object: null prototype] {
      vary: 'Origin',
      'access-control-allow-origin': 'http://127.0.0.1:5500'
    },
    body: undefined
  },
  costTime: 0
}
[2022-01-07T15:21:21.327] [INFO] response - {
  method: 'GET',
  url: '/failed',
  body: {},
  response: {
    status: 404,
    message: 'Not Found',
    header: [Object: null prototype] {
      vary: 'Origin',
      'access-control-allow-origin': 'http://127.0.0.1:5500'
    },
    body: undefined
  },
  costTime: 0
}
[2022-01-07T15:21:21.329] [INFO] response - {
  method: 'GET',
  url: '/server-err',
  body: {},
  response: {
    status: 404,
    message: 'Not Found',
    header: [Object: null prototype] {
      vary: 'Origin',
      'access-control-allow-origin': 'http://127.0.0.1:5500'
    },
    body: undefined
  },
  costTime: 0
}
[2022-01-07T15:21:21.329] [INFO] response - {
  method: 'GET',
  url: '/succ',
  body: {},
  response: {
    status: 404,
    message: 'Not Found',
    header: [Object: null prototype] {
      vary: 'Origin',
      'access-control-allow-origin': 'http://127.0.0.1:5500'
    },
    body: undefined
  },
  costTime: 0
}
[2022-01-07T15:21:21.330] [INFO] response - {
  method: 'POST',
  url: '/postReport',
  body: {},
  response: {
    status: 404,
    message: 'Not Found',
    header: [Object: null prototype] {
      vary: 'Origin',
      'access-control-allow-origin': 'http://127.0.0.1:5500'
    },
    body: undefined
  },
  costTime: 1
}
[2022-01-07T15:21:21.636] [INFO] response - {
  method: 'GET',
  url: '/succ',
  body: {},
  response: {
    status: 404,
    message: 'Not Found',
    header: [Object: null prototype] {
      vary: 'Origin',
      'access-control-allow-origin': 'http://127.0.0.1:5500'
    },
    body: undefined
  },
  costTime: 0
}
[2022-01-07T15:21:21.637] [INFO] response - {
  method: 'GET',
  url: '/failed',
  body: {},
  response: {
    status: 404,
    message: 'Not Found',
    header: [Object: null prototype] {
      vary: 'Origin',
      'access-control-allow-origin': 'http://127.0.0.1:5500'
    },
    body: undefined
  },
  costTime: 0
}
[2022-01-07T15:21:21.638] [INFO] response - {
  method: 'GET',
  url: '/server-err',
  body: {},
  response: {
    status: 404,
    message: 'Not Found',
    header: [Object: null prototype] {
      vary: 'Origin',
      'access-control-allow-origin': 'http://127.0.0.1:5500'
    },
    body: undefined
  },
  costTime: 0
}
[2022-01-07T15:21:21.639] [INFO] response - {
  method: 'GET',
  url: '/succ',
  body: {},
  response: {
    status: 404,
    message: 'Not Found',
    header: [Object: null prototype] {
      vary: 'Origin',
      'access-control-allow-origin': 'http://127.0.0.1:5500'
    },
    body: undefined
  },
  costTime: 0
}
[2022-01-07T15:21:21.640] [INFO] response - {
  method: 'POST',
  url: '/postReport',
  body: {},
  response: {
    status: 404,
    message: 'Not Found',
    header: [Object: null prototype] {
      vary: 'Origin',
      'access-control-allow-origin': 'http://127.0.0.1:5500'
    },
    body: undefined
  },
  costTime: 0
}
[2022-01-07T15:21:21.929] [INFO] response - {
  method: 'GET',
  url: '/succ',
  body: {},
  response: {
    status: 404,
    message: 'Not Found',
    header: [Object: null prototype] {
      vary: 'Origin',
      'access-control-allow-origin': 'http://127.0.0.1:5500'
    },
    body: undefined
  },
  costTime: 0
}
[2022-01-07T15:21:21.929] [INFO] response - {
  method: 'GET',
  url: '/failed',
  body: {},
  response: {
    status: 404,
    message: 'Not Found',
    header: [Object: null prototype] {
      vary: 'Origin',
      'access-control-allow-origin': 'http://127.0.0.1:5500'
    },
    body: undefined
  },
  costTime: 0
}
[2022-01-07T15:21:21.930] [INFO] response - {
  method: 'GET',
  url: '/server-err',
  body: {},
  response: {
    status: 404,
    message: 'Not Found',
    header: [Object: null prototype] {
      vary: 'Origin',
      'access-control-allow-origin': 'http://127.0.0.1:5500'
    },
    body: undefined
  },
  costTime: 0
}
[2022-01-07T15:21:21.931] [INFO] response - {
  method: 'GET',
  url: '/succ',
  body: {},
  response: {
    status: 404,
    message: 'Not Found',
    header: [Object: null prototype] {
      vary: 'Origin',
      'access-control-allow-origin': 'http://127.0.0.1:5500'
    },
    body: undefined
  },
  costTime: 0
}
[2022-01-07T15:21:21.931] [INFO] response - {
  method: 'POST',
  url: '/postReport',
  body: {},
  response: {
    status: 404,
    message: 'Not Found',
    header: [Object: null prototype] {
      vary: 'Origin',
      'access-control-allow-origin': 'http://127.0.0.1:5500'
    },
    body: undefined
  },
  costTime: 0
}
[2022-01-07T15:21:22.258] [INFO] response - {
  method: 'GET',
  url: '/succ',
  body: {},
  response: {
    status: 404,
    message: 'Not Found',
    header: [Object: null prototype] {
      vary: 'Origin',
      'access-control-allow-origin': 'http://127.0.0.1:5500'
    },
    body: undefined
  },
  costTime: 0
}
[2022-01-07T15:21:22.259] [INFO] response - {
  method: 'GET',
  url: '/failed',
  body: {},
  response: {
    status: 404,
    message: 'Not Found',
    header: [Object: null prototype] {
      vary: 'Origin',
      'access-control-allow-origin': 'http://127.0.0.1:5500'
    },
    body: undefined
  },
  costTime: 0
}
[2022-01-07T15:21:22.260] [INFO] response - {
  method: 'GET',
  url: '/server-err',
  body: {},
  response: {
    status: 404,
    message: 'Not Found',
    header: [Object: null prototype] {
      vary: 'Origin',
      'access-control-allow-origin': 'http://127.0.0.1:5500'
    },
    body: undefined
  },
  costTime: 0
}
[2022-01-07T15:21:22.260] [INFO] response - {
  method: 'GET',
  url: '/succ',
  body: {},
  response: {
    status: 404,
    message: 'Not Found',
    header: [Object: null prototype] {
      vary: 'Origin',
      'access-control-allow-origin': 'http://127.0.0.1:5500'
    },
    body: undefined
  },
  costTime: 0
}
[2022-01-07T15:21:22.261] [INFO] response - {
  method: 'POST',
  url: '/postReport',
  body: {},
  response: {
    status: 404,
    message: 'Not Found',
    header: [Object: null prototype] {
      vary: 'Origin',
      'access-control-allow-origin': 'http://127.0.0.1:5500'
    },
    body: undefined
  },
  costTime: 0
}
[2022-01-07T15:21:22.575] [INFO] response - {
  method: 'GET',
  url: '/succ',
  body: {},
  response: {
    status: 404,
    message: 'Not Found',
    header: [Object: null prototype] {
      vary: 'Origin',
      'access-control-allow-origin': 'http://127.0.0.1:5500'
    },
    body: undefined
  },
  costTime: 0
}
[2022-01-07T15:21:22.576] [INFO] response - {
  method: 'GET',
  url: '/failed',
  body: {},
  response: {
    status: 404,
    message: 'Not Found',
    header: [Object: null prototype] {
      vary: 'Origin',
      'access-control-allow-origin': 'http://127.0.0.1:5500'
    },
    body: undefined
  },
  costTime: 0
}
[2022-01-07T15:21:22.576] [INFO] response - {
  method: 'GET',
  url: '/server-err',
  body: {},
  response: {
    status: 404,
    message: 'Not Found',
    header: [Object: null prototype] {
      vary: 'Origin',
      'access-control-allow-origin': 'http://127.0.0.1:5500'
    },
    body: undefined
  },
  costTime: 0
}
[2022-01-07T15:21:22.577] [INFO] response - {
  method: 'POST',
  url: '/postReport',
  body: {},
  response: {
    status: 404,
    message: 'Not Found',
    header: [Object: null prototype] {
      vary: 'Origin',
      'access-control-allow-origin': 'http://127.0.0.1:5500'
    },
    body: undefined
  },
  costTime: 0
}
[2022-01-07T15:21:22.594] [INFO] response - {
  method: 'GET',
  url: '/succ',
  body: {},
  response: {
    status: 404,
    message: 'Not Found',
    header: [Object: null prototype] {
      vary: 'Origin',
      'access-control-allow-origin': 'http://127.0.0.1:5500'
    },
    body: undefined
  },
  costTime: 1
}
[2022-01-07T15:26:44.279] [INFO] response - {
  method: 'GET',
  url: '/succ',
  body: {},
  response: {
    status: 404,
    message: 'Not Found',
    header: [Object: null prototype] {
      vary: 'Origin',
      'access-control-allow-origin': 'http://127.0.0.1:5500'
    },
    body: undefined
  },
  costTime: 0
}
[2022-01-07T15:26:44.969] [INFO] response - {
  method: 'GET',
  url: '/succ',
  body: {},
  response: {
    status: 404,
    message: 'Not Found',
    header: [Object: null prototype] {
      vary: 'Origin',
      'access-control-allow-origin': 'http://127.0.0.1:5500'
    },
    body: undefined
  },
  costTime: 0
}
[2022-01-07T15:26:45.646] [INFO] response - {
  method: 'GET',
  url: '/succ',
  body: {},
  response: {
    status: 404,
    message: 'Not Found',
    header: [Object: null prototype] {
      vary: 'Origin',
      'access-control-allow-origin': 'http://127.0.0.1:5500'
    },
    body: undefined
  },
  costTime: 0
}
[2022-01-07T15:26:46.361] [INFO] response - {
  method: 'GET',
  url: '/succ',
  body: {},
  response: {
    status: 404,
    message: 'Not Found',
    header: [Object: null prototype] {
      vary: 'Origin',
      'access-control-allow-origin': 'http://127.0.0.1:5500'
    },
    body: undefined
  },
  costTime: 0
}
[2022-01-07T15:26:47.069] [INFO] response - {
  method: 'GET',
  url: '/succ',
  body: {},
  response: {
    status: 404,
    message: 'Not Found',
    header: [Object: null prototype] {
      vary: 'Origin',
      'access-control-allow-origin': 'http://127.0.0.1:5500'
    },
    body: undefined
  },
  costTime: 0
}
[2022-01-07T15:26:47.800] [INFO] response - {
  method: 'GET',
  url: '/succ',
  body: {},
  response: {
    status: 404,
    message: 'Not Found',
    header: [Object: null prototype] {
      vary: 'Origin',
      'access-control-allow-origin': 'http://127.0.0.1:5500'
    },
    body: undefined
  },
  costTime: 0
}
[2022-01-07T16:07:40.837] [INFO] response - {
  method: 'OPTIONS',
  url: '/report-test',
  body: undefined,
  response: {
    status: 204,
    message: 'No Content',
    header: [Object: null prototype] {
      vary: 'Origin',
      'access-control-allow-origin': 'http://127.0.0.1:5500',
      'access-control-allow-methods': 'GET,PUT,POST,PATCH,DELETE,HEAD,OPTIONS',
      'access-control-allow-headers': 'channel-code'
    },
    body: undefined
  },
  costTime: 0
}
[2022-01-07T16:07:41.408] [INFO] response - {
  method: 'OPTIONS',
  url: '/report-test',
  body: undefined,
  response: {
    status: 204,
    message: 'No Content',
    header: [Object: null prototype] {
      vary: 'Origin',
      'access-control-allow-origin': 'http://127.0.0.1:5500',
      'access-control-allow-methods': 'GET,PUT,POST,PATCH,DELETE,HEAD,OPTIONS',
      'access-control-allow-headers': 'channel-code'
    },
    body: undefined
  },
  costTime: 0
}
[2022-01-07T16:07:41.937] [INFO] response - {
  method: 'OPTIONS',
  url: '/report-test',
  body: undefined,
  response: {
    status: 204,
    message: 'No Content',
    header: [Object: null prototype] {
      vary: 'Origin',
      'access-control-allow-origin': 'http://127.0.0.1:5500',
      'access-control-allow-methods': 'GET,PUT,POST,PATCH,DELETE,HEAD,OPTIONS',
      'access-control-allow-headers': 'channel-code'
    },
    body: undefined
  },
  costTime: 0
}
[2022-01-07T16:07:42.424] [INFO] response - {
  method: 'OPTIONS',
  url: '/report-test',
  body: undefined,
  response: {
    status: 204,
    message: 'No Content',
    header: [Object: null prototype] {
      vary: 'Origin',
      'access-control-allow-origin': 'http://127.0.0.1:5500',
      'access-control-allow-methods': 'GET,PUT,POST,PATCH,DELETE,HEAD,OPTIONS',
      'access-control-allow-headers': 'channel-code'
    },
    body: undefined
  },
  costTime: 0
}
[2022-01-07T16:07:43.076] [INFO] response - {
  method: 'OPTIONS',
  url: '/report-test',
  body: undefined,
  response: {
    status: 204,
    message: 'No Content',
    header: [Object: null prototype] {
      vary: 'Origin',
      'access-control-allow-origin': 'http://127.0.0.1:5500',
      'access-control-allow-methods': 'GET,PUT,POST,PATCH,DELETE,HEAD,OPTIONS',
      'access-control-allow-headers': 'channel-code'
    },
    body: undefined
  },
  costTime: 0
}
[2022-01-07T16:07:43.565] [INFO] response - {
  method: 'OPTIONS',
  url: '/report-test',
  body: undefined,
  response: {
    status: 204,
    message: 'No Content',
    header: [Object: null prototype] {
      vary: 'Origin',
      'access-control-allow-origin': 'http://127.0.0.1:5500',
      'access-control-allow-methods': 'GET,PUT,POST,PATCH,DELETE,HEAD,OPTIONS',
      'access-control-allow-headers': 'channel-code'
    },
    body: undefined
  },
  costTime: 0
}
[2022-01-07T16:07:44.061] [INFO] response - {
  method: 'OPTIONS',
  url: '/report-test',
  body: undefined,
  response: {
    status: 204,
    message: 'No Content',
    header: [Object: null prototype] {
      vary: 'Origin',
      'access-control-allow-origin': 'http://127.0.0.1:5500',
      'access-control-allow-methods': 'GET,PUT,POST,PATCH,DELETE,HEAD,OPTIONS',
      'access-control-allow-headers': 'channel-code'
    },
    body: undefined
  },
  costTime: 0
}
[2022-01-07T16:07:44.819] [INFO] response - {
  method: 'OPTIONS',
  url: '/report-test',
  body: undefined,
  response: {
    status: 204,
    message: 'No Content',
    header: [Object: null prototype] {
      vary: 'Origin',
      'access-control-allow-origin': 'http://127.0.0.1:5500',
      'access-control-allow-methods': 'GET,PUT,POST,PATCH,DELETE,HEAD,OPTIONS',
      'access-control-allow-headers': 'channel-code'
    },
    body: undefined
  },
  costTime: 0
}
[2022-01-07T16:07:45.417] [INFO] response - {
  method: 'OPTIONS',
  url: '/report-test',
  body: undefined,
  response: {
    status: 204,
    message: 'No Content',
    header: [Object: null prototype] {
      vary: 'Origin',
      'access-control-allow-origin': 'http://127.0.0.1:5500',
      'access-control-allow-methods': 'GET,PUT,POST,PATCH,DELETE,HEAD,OPTIONS',
      'access-control-allow-headers': 'channel-code'
    },
    body: undefined
  },
  costTime: 0
}
[2022-01-07T16:08:51.933] [INFO] response - {
  method: 'OPTIONS',
  url: '/report-test',
  body: undefined,
  response: {
    status: 204,
    message: 'No Content',
    header: [Object: null prototype] {
      vary: 'Origin',
      'access-control-allow-origin': 'http://127.0.0.1:5500',
      'access-control-allow-methods': 'GET,PUT,POST,PATCH,DELETE,HEAD,OPTIONS',
      'access-control-allow-headers': 'channel-code'
    },
    body: undefined
  },
  costTime: 1
}
[2022-01-07T16:10:10.445] [INFO] response - {
  method: 'OPTIONS',
  url: '/report-test',
  body: undefined,
  response: {
    status: 204,
    message: 'No Content',
    header: [Object: null prototype] {
      vary: 'Origin',
      'access-control-allow-origin': 'http://127.0.0.1:5500',
      'access-control-allow-methods': 'GET,PUT,POST,PATCH,DELETE,HEAD,OPTIONS',
      'access-control-allow-headers': 'channel-code'
    },
    body: undefined
  },
  costTime: 0
}
[2022-01-07T16:10:23.949] [INFO] response - {
  method: 'OPTIONS',
  url: '/report-test',
  body: undefined,
  response: {
    status: 204,
    message: 'No Content',
    header: [Object: null prototype] {
      vary: 'Origin',
      'access-control-allow-origin': 'http://127.0.0.1:5500',
      'access-control-allow-methods': 'GET,PUT,POST,PATCH,DELETE,HEAD,OPTIONS',
      'access-control-allow-headers': 'channel-code'
    },
    body: undefined
  },
  costTime: 0
}
[2022-01-07T16:20:00.658] [INFO] response - {
  method: 'OPTIONS',
  url: '/report-test',
  body: undefined,
  response: {
    status: 204,
    message: 'No Content',
    header: [Object: null prototype] {
      vary: 'Origin',
      'access-control-allow-origin': 'http://127.0.0.1:5500',
      'access-control-allow-methods': 'GET,PUT,POST,PATCH,DELETE,HEAD,OPTIONS',
      'access-control-allow-headers': 'channel-code'
    },
    body: undefined
  },
  costTime: 0
}
[2022-01-07T16:20:01.132] [INFO] response - {
  method: 'OPTIONS',
  url: '/report-test',
  body: undefined,
  response: {
    status: 204,
    message: 'No Content',
    header: [Object: null prototype] {
      vary: 'Origin',
      'access-control-allow-origin': 'http://127.0.0.1:5500',
      'access-control-allow-methods': 'GET,PUT,POST,PATCH,DELETE,HEAD,OPTIONS',
      'access-control-allow-headers': 'channel-code'
    },
    body: undefined
  },
  costTime: 1
}
[2022-01-07T16:20:01.621] [INFO] response - {
  method: 'OPTIONS',
  url: '/report-test',
  body: undefined,
  response: {
    status: 204,
    message: 'No Content',
    header: [Object: null prototype] {
      vary: 'Origin',
      'access-control-allow-origin': 'http://127.0.0.1:5500',
      'access-control-allow-methods': 'GET,PUT,POST,PATCH,DELETE,HEAD,OPTIONS',
      'access-control-allow-headers': 'channel-code'
    },
    body: undefined
  },
  costTime: 0
}
[2022-01-07T16:20:02.149] [INFO] response - {
  method: 'OPTIONS',
  url: '/report-test',
  body: undefined,
  response: {
    status: 204,
    message: 'No Content',
    header: [Object: null prototype] {
      vary: 'Origin',
      'access-control-allow-origin': 'http://127.0.0.1:5500',
      'access-control-allow-methods': 'GET,PUT,POST,PATCH,DELETE,HEAD,OPTIONS',
      'access-control-allow-headers': 'channel-code'
    },
    body: undefined
  },
  costTime: 0
}
[2022-01-07T16:20:02.665] [INFO] response - {
  method: 'OPTIONS',
  url: '/report-test',
  body: undefined,
  response: {
    status: 204,
    message: 'No Content',
    header: [Object: null prototype] {
      vary: 'Origin',
      'access-control-allow-origin': 'http://127.0.0.1:5500',
      'access-control-allow-methods': 'GET,PUT,POST,PATCH,DELETE,HEAD,OPTIONS',
      'access-control-allow-headers': 'channel-code'
    },
    body: undefined
  },
  costTime: 0
}
[2022-01-07T16:20:03.166] [INFO] response - {
  method: 'OPTIONS',
  url: '/report-test',
  body: undefined,
  response: {
    status: 204,
    message: 'No Content',
    header: [Object: null prototype] {
      vary: 'Origin',
      'access-control-allow-origin': 'http://127.0.0.1:5500',
      'access-control-allow-methods': 'GET,PUT,POST,PATCH,DELETE,HEAD,OPTIONS',
      'access-control-allow-headers': 'channel-code'
    },
    body: undefined
  },
  costTime: 0
}
[2022-01-07T16:21:42.017] [INFO] response - {
  method: 'OPTIONS',
  url: '/report-test233',
  body: undefined,
  response: {
    status: 204,
    message: 'No Content',
    header: [Object: null prototype] {
      vary: 'Origin',
      'access-control-allow-origin': 'null',
      'access-control-allow-methods': 'GET,PUT,POST,PATCH,DELETE,HEAD,OPTIONS',
      'access-control-allow-headers': 'channel-code'
    },
    body: undefined
  },
  costTime: 1
}
[2022-01-07T16:21:42.072] [INFO] response - {
  method: 'GET',
  url: '/report-test233',
  body: {},
  response: {
    status: 404,
    message: 'Not Found',
    header: [Object: null prototype] {
      vary: 'Origin',
      'access-control-allow-origin': 'null'
    },
    body: undefined
  },
  costTime: 1
}
[2022-01-07T16:21:58.152] [INFO] response - {
  method: 'OPTIONS',
  url: '/report-test233',
  body: undefined,
  response: {
    status: 204,
    message: 'No Content',
    header: [Object: null prototype] {
      vary: 'Origin',
      'access-control-allow-origin': 'null',
      'access-control-allow-methods': 'GET,PUT,POST,PATCH,DELETE,HEAD,OPTIONS',
      'access-control-allow-headers': 'channel-code'
    },
    body: undefined
  },
  costTime: 0
}
[2022-01-07T16:21:58.157] [INFO] response - {
  method: 'GET',
  url: '/report-test233',
  body: {},
  response: {
    status: 404,
    message: 'Not Found',
    header: [Object: null prototype] {
      vary: 'Origin',
      'access-control-allow-origin': 'null'
    },
    body: undefined
  },
  costTime: 1
}
