[2022-01-16T17:46:43.874] [INFO] response - {
  method: 'GET',
  url: '/users',
  body: {},
  response: {
    status: 404,
    message: 'Not Found',
    header: [Object: null prototype] {
      vary: 'Origin',
      'access-control-allow-origin': '*'
    },
    body: undefined
  },
  costTime: 2
}
[2022-01-16T21:10:09.981] [INFO] response - {
  method: 'POST',
  url: '/users/register',
  body: {},
  response: {
    status: 405,
    message: 'Method Not Allowed',
    header: [Object: null prototype] {
      vary: 'Origin',
      'access-control-allow-origin': '*',
      allow: 'HEAD, GET, PUT'
    },
    body: undefined
  },
  costTime: 2
}
[2022-01-16T21:11:01.914] [INFO] response - {
  method: 'POST',
  url: '/users/register',
  body: {},
  response: {
    status: 405,
    message: 'Method Not Allowed',
    header: [Object: null prototype] {
      vary: 'Origin',
      'access-control-allow-origin': '*',
      allow: 'HEAD, GET, PUT'
    },
    body: undefined
  },
  costTime: 2
}
[2022-01-16T21:33:15.992] [INFO] response - {
  method: 'POST',
  url: '/users/register',
  body: { user_name: 'test', password: '123456' },
  response: {
    status: 500,
    message: 'Internal Server Error',
    header: [Object: null prototype] {
      vary: 'Origin',
      'access-control-allow-origin': '*',
      'content-type': 'application/json; charset=utf-8'
    },
    body: {
      message: TypeError: Cannot read property 'user_name' of undefined
          at register (/Users/kaierchou/Desktop/demo/frontend-monitor/service/controllers/auth.js:12:27)
          at async /Users/kaierchou/Desktop/demo/frontend-monitor/service/middleware/catch_exception.js:4:7
          at async bodyParser (/Users/kaierchou/Desktop/demo/frontend-monitor/service/node_modules/koa-bodyparser/index.js:95:5)
          at async cors (/Users/kaierchou/Desktop/demo/frontend-monitor/service/node_modules/koa2-cors/dist/index.js:91:9)
          at async /Users/kaierchou/Desktop/demo/frontend-monitor/service/middleware/log4js.js:59:5
    }
  },
  costTime: 14
}
[2022-01-16T21:34:24.979] [INFO] response - {
  method: 'POST',
  url: '/users/register',
  body: { user_name: 'test', password: '123456' },
  response: {
    status: 500,
    message: 'Internal Server Error',
    header: [Object: null prototype] {
      vary: 'Origin',
      'access-control-allow-origin': '*',
      'content-type': 'application/json; charset=utf-8'
    },
    body: {
      message: TypeError: Cannot read property 'user_name' of undefined
          at register (/Users/kaierchou/Desktop/demo/frontend-monitor/service/controllers/auth.js:12:27)
          at async /Users/kaierchou/Desktop/demo/frontend-monitor/service/middleware/catch_exception.js:4:7
          at async bodyParser (/Users/kaierchou/Desktop/demo/frontend-monitor/service/node_modules/koa-bodyparser/index.js:95:5)
          at async cors (/Users/kaierchou/Desktop/demo/frontend-monitor/service/node_modules/koa2-cors/dist/index.js:91:9)
          at async /Users/kaierchou/Desktop/demo/frontend-monitor/service/middleware/log4js.js:59:5
    }
  },
  costTime: 10
}
[2022-01-16T21:39:47.777] [INFO] response - {
  method: 'POST',
  url: '/users/register',
  body: { user_name: 'test', password: '123456' },
  response: {
    status: 500,
    message: 'Internal Server Error',
    header: [Object: null prototype] {
      vary: 'Origin',
      'access-control-allow-origin': '*',
      'content-type': 'application/json; charset=utf-8'
    },
    body: {
      message: TypeError: Cannot read property 'user_name' of undefined
          at register (/Users/kaierchou/Desktop/demo/frontend-monitor/service/controllers/auth.js:12:27)
          at async /Users/kaierchou/Desktop/demo/frontend-monitor/service/middleware/catch_exception.js:4:7
          at async bodyParser (/Users/kaierchou/Desktop/demo/frontend-monitor/service/node_modules/koa-bodyparser/index.js:95:5)
          at async cors (/Users/kaierchou/Desktop/demo/frontend-monitor/service/node_modules/koa2-cors/dist/index.js:91:9)
          at async /Users/kaierchou/Desktop/demo/frontend-monitor/service/middleware/log4js.js:59:5
    }
  },
  costTime: 12
}
[2022-01-16T21:40:14.559] [INFO] response - {
  method: 'POST',
  url: '/users/register',
  body: { user_name: 'test', password: '123456' },
  response: {
    status: 500,
    message: 'Internal Server Error',
    header: [Object: null prototype] {
      vary: 'Origin',
      'access-control-allow-origin': '*',
      'content-type': 'application/json; charset=utf-8'
    },
    body: {
      message: TypeError: Cannot read property 'user_name' of undefined
          at register (/Users/kaierchou/Desktop/demo/frontend-monitor/service/controllers/auth.js:12:27)
          at async /Users/kaierchou/Desktop/demo/frontend-monitor/service/middleware/catch_exception.js:4:7
          at async bodyParser (/Users/kaierchou/Desktop/demo/frontend-monitor/service/node_modules/koa-bodyparser/index.js:95:5)
          at async cors (/Users/kaierchou/Desktop/demo/frontend-monitor/service/node_modules/koa2-cors/dist/index.js:91:9)
          at async /Users/kaierchou/Desktop/demo/frontend-monitor/service/middleware/log4js.js:59:5
    }
  },
  costTime: 10
}
[2022-01-16T21:41:11.488] [INFO] response - {
  method: 'POST',
  url: '/users/register',
  body: { user_name: 'test', password: '123456' },
  response: {
    status: 500,
    message: 'Internal Server Error',
    header: [Object: null prototype] {
      vary: 'Origin',
      'access-control-allow-origin': '*',
      'content-type': 'application/json; charset=utf-8'
    },
    body: { message: '{}' }
  },
  costTime: 11
}
[2022-01-16T21:41:36.409] [INFO] response - {
  method: 'POST',
  url: '/users/register',
  body: { user_name: 'test', password: '123456' },
  response: {
    status: 500,
    message: 'Internal Server Error',
    header: [Object: null prototype] {
      vary: 'Origin',
      'access-control-allow-origin': '*',
      'content-type': 'application/json; charset=utf-8'
    },
    body: { message: '{}' }
  },
  costTime: 10
}
[2022-01-16T21:42:16.685] [INFO] response - {
  method: 'POST',
  url: '/users/register',
  body: { user_name: 'test', password: '123456' },
  response: {
    status: 500,
    message: 'Internal Server Error',
    header: [Object: null prototype] {
      vary: 'Origin',
      'access-control-allow-origin': '*',
      'content-type': 'application/json; charset=utf-8'
    },
    body: { message: '系统响应异常' }
  },
  costTime: 10
}
[2022-01-16T21:44:47.792] [INFO] response - {
  method: 'POST',
  url: '/users/register',
  body: { user_name: 'test', password: '123456' },
  response: {
    status: 500,
    message: 'Internal Server Error',
    header: [Object: null prototype] {
      vary: 'Origin',
      'access-control-allow-origin': '*',
      'content-type': 'application/json; charset=utf-8'
    },
    body: { message: '系统响应异常' }
  },
  costTime: 23
}
[2022-01-16T21:46:29.096] [INFO] response - {
  method: 'POST',
  url: '/users/register',
  body: { user_name: 'test', password: '123456' },
  response: {
    status: 500,
    message: 'Internal Server Error',
    header: [Object: null prototype] {
      vary: 'Origin',
      'access-control-allow-origin': '*',
      'content-type': 'text/plain; charset=utf-8',
      'content-length': '18'
    },
    body: '系统响应异常'
  },
  costTime: 32
}
[2022-01-16T22:35:26.757] [INFO] response - {
  method: 'POST',
  url: '/auth/login',
  body: { user_name: 'test2', password: '123456' },
  response: {
    status: 404,
    message: 'Not Found',
    header: [Object: null prototype] {
      vary: 'Origin',
      'access-control-allow-origin': '*'
    },
    body: undefined
  },
  costTime: 10
}
[2022-01-16T22:52:10.972] [INFO] response - {
  method: 'GET',
  url: '/users',
  body: {},
  response: {
    status: 500,
    message: 'Internal Server Error',
    header: [Object: null prototype] {
      vary: 'Origin',
      'access-control-allow-origin': '*',
      'content-type': 'application/json; charset=utf-8'
    },
    body: { message: '系统响应异常' }
  },
  costTime: 1
}
[2022-01-16T22:54:00.844] [INFO] response - {
  method: 'GET',
  url: '/users',
  body: {},
  response: {
    status: 500,
    message: 'Internal Server Error',
    header: [Object: null prototype] {
      vary: 'Origin',
      'access-control-allow-origin': '*',
      'content-type': 'application/json; charset=utf-8'
    },
    body: { message: '系统响应异常' }
  },
  costTime: 4
}
[2022-01-16T23:01:25.090] [INFO] response - {
  method: 'GET',
  url: '/users',
  body: {},
  response: {
    status: 500,
    message: 'Internal Server Error',
    header: [Object: null prototype] {
      vary: 'Origin',
      'access-control-allow-origin': '*',
      'content-type': 'application/json; charset=utf-8'
    },
    body: { message: 'Authentication Error' }
  },
  costTime: 3
}
[2022-01-16T23:03:59.915] [INFO] response - {
  method: 'POST',
  url: '/auth/login',
  body: { user_name: 'test2' },
  response: {
    status: 500,
    message: 'Internal Server Error',
    header: [Object: null prototype] {
      vary: 'Origin',
      'access-control-allow-origin': '*',
      'content-type': 'application/json; charset=utf-8'
    },
    body: {
      message: 'The "data" argument must be of type string or an instance of Buffer, TypedArray, or DataView. Received undefined'
    }
  },
  costTime: 10
}
[2022-01-16T23:07:09.856] [INFO] response - {
  method: 'POST',
  url: '/auth/register',
  body: { user_name: 'test5' },
  response: {
    status: 500,
    message: 'Internal Server Error',
    header: [Object: null prototype] {
      vary: 'Origin',
      'access-control-allow-origin': '*',
      'content-type': 'application/json; charset=utf-8'
    },
    body: {
      message: 'The "data" argument must be of type string or an instance of Buffer, TypedArray, or DataView. Received undefined'
    }
  },
  costTime: 0
}
[2022-01-16T23:19:43.932] [INFO] response - {
  method: 'GET',
  url: '/users',
  body: {},
  response: {
    status: 500,
    message: 'Internal Server Error',
    header: [Object: null prototype] {
      vary: 'Origin',
      'access-control-allow-origin': '*',
      'content-type': 'application/json; charset=utf-8'
    },
    body: { message: 'Authentication Error' }
  },
  costTime: 3
}
