[2022-01-04T11:18:11.728] [INFO] response - {
  method: 'GET',
  url: '/succ',
  body: {},
  response: {
    status: 404,
    message: 'Not Found',
    header: [Object: null prototype] {
      vary: 'Origin',
      'access-control-allow-origin': 'null'
    },
    body: undefined
  },
  costTime: 2
}
[2022-01-04T11:18:11.734] [INFO] response - {
  method: 'GET',
  url: '/failed',
  body: {},
  response: {
    status: 404,
    message: 'Not Found',
    header: [Object: null prototype] {
      vary: 'Origin',
      'access-control-allow-origin': 'null'
    },
    body: undefined
  },
  costTime: 1
}
[2022-01-04T11:18:11.735] [INFO] response - {
  method: 'GET',
  url: '/server-err',
  body: {},
  response: {
    status: 404,
    message: 'Not Found',
    header: [Object: null prototype] {
      vary: 'Origin',
      'access-control-allow-origin': 'null'
    },
    body: undefined
  },
  costTime: 1
}
[2022-01-04T11:18:11.736] [INFO] response - {
  method: 'POST',
  url: '/postReport',
  body: {},
  response: {
    status: 404,
    message: 'Not Found',
    header: [Object: null prototype] {
      vary: 'Origin',
      'access-control-allow-origin': 'null'
    },
    body: undefined
  },
  costTime: 1
}
[2022-01-04T11:18:11.737] [INFO] response - {
  method: 'GET',
  url: '/succ',
  body: {},
  response: {
    status: 404,
    message: 'Not Found',
    header: [Object: null prototype] {
      vary: 'Origin',
      'access-control-allow-origin': 'null'
    },
    body: undefined
  },
  costTime: 0
}
