[2022-01-03T23:53:40.211] [INFO] response - {
  method: 'GET',
  url: '/failed',
  body: {},
  response: {
    status: 404,
    message: 'Not Found',
    header: [Object: null prototype] {
      vary: 'Origin',
      'access-control-allow-origin': 'null'
    },
    body: undefined
  },
  costTime: 1
}
[2022-01-03T23:53:40.219] [INFO] response - {
  method: 'GET',
  url: '/succ',
  body: {},
  response: {
    status: 404,
    message: 'Not Found',
    header: [Object: null prototype] {
      vary: 'Origin',
      'access-control-allow-origin': 'null'
    },
    body: undefined
  },
  costTime: 0
}
[2022-01-03T23:53:40.224] [INFO] response - {
  method: 'GET',
  url: '/server-err',
  body: {},
  response: {
    status: 404,
    message: 'Not Found',
    header: [Object: null prototype] {
      vary: 'Origin',
      'access-control-allow-origin': 'null'
    },
    body: undefined
  },
  costTime: 1
}
[2022-01-03T23:53:40.229] [INFO] response - {
  method: 'POST',
  url: '/postReport',
  body: {},
  response: {
    status: 404,
    message: 'Not Found',
    header: [Object: null prototype] {
      vary: 'Origin',
      'access-control-allow-origin': 'null'
    },
    body: undefined
  },
  costTime: 3
}
[2022-01-03T23:53:40.232] [INFO] response - {
  method: 'GET',
  url: '/succ',
  body: {},
  response: {
    status: 404,
    message: 'Not Found',
    header: [Object: null prototype] {
      vary: 'Origin',
      'access-control-allow-origin': 'null'
    },
    body: undefined
  },
  costTime: 0
}
